<?xml version="1.0" encoding="UTF-8"?>
<coverage generated="1562829904610" clover="3.2.0">
  <project timestamp="1562829904610" name="All files">
    <metrics statements="341" coveredstatements="324" conditionals="157" coveredconditionals="133" methods="111" coveredmethods="108" elements="609" coveredelements="565" complexity="0" loc="341" ncloc="341" packages="26" files="31" classes="31"/>
    <package name="src">
      <metrics statements="5" coveredstatements="4" conditionals="0" coveredconditionals="0" methods="1" coveredmethods="1"/>
      <file name="index.js" path="/Users/matthewahern/Desktop/ship-demo/src/index.js">
        <metrics statements="1" coveredstatements="0" conditionals="0" coveredconditionals="0" methods="0" coveredmethods="0"/>
        <line num="7" count="0" type="stmt"/>
      </file>
      <file name="store.js" path="/Users/matthewahern/Desktop/ship-demo/src/store.js">
        <metrics statements="4" coveredstatements="4" conditionals="0" coveredconditionals="0" methods="1" coveredmethods="1"/>
        <line num="7" count="10" type="stmt"/>
        <line num="9" count="10" type="stmt"/>
        <line num="13" count="10" type="stmt"/>
        <line num="14" count="10" type="stmt"/>
      </file>
    </package>
    <package name="src.api">
      <metrics statements="6" coveredstatements="6" conditionals="4" coveredconditionals="2" methods="3" coveredmethods="3"/>
      <file name="stop-api.js" path="/Users/matthewahern/Desktop/ship-demo/src/api/stop-api.js">
        <metrics statements="6" coveredstatements="6" conditionals="4" coveredconditionals="2" methods="3" coveredmethods="3"/>
        <line num="4" count="6" type="stmt"/>
        <line num="6" count="6" type="stmt"/>
        <line num="18" count="4" type="stmt"/>
        <line num="21" count="2" type="cond" truecount="1" falsecount="1"/>
        <line num="24" count="2" type="cond" truecount="1" falsecount="1"/>
        <line num="27" count="2" type="stmt"/>
      </file>
    </package>
    <package name="src.assets">
      <metrics statements="2" coveredstatements="2" conditionals="0" coveredconditionals="0" methods="1" coveredmethods="1"/>
      <file name="logo.js" path="/Users/matthewahern/Desktop/ship-demo/src/assets/logo.js">
        <metrics statements="2" coveredstatements="2" conditionals="0" coveredconditionals="0" methods="1" coveredmethods="1"/>
        <line num="3" count="2" type="stmt"/>
        <line num="4" count="10" type="stmt"/>
      </file>
    </package>
    <package name="src.components.App">
      <metrics statements="1" coveredstatements="1" conditionals="0" coveredconditionals="0" methods="1" coveredmethods="1"/>
      <file name="App.js" path="/Users/matthewahern/Desktop/ship-demo/src/components/App/App.js">
        <metrics statements="1" coveredstatements="1" conditionals="0" coveredconditionals="0" methods="1" coveredmethods="1"/>
        <line num="6" count="1" type="stmt"/>
      </file>
      <file name="index.js" path="/Users/matthewahern/Desktop/ship-demo/src/components/App/index.js">
        <metrics statements="0" coveredstatements="0" conditionals="0" coveredconditionals="0" methods="0" coveredmethods="0"/>
      </file>
    </package>
    <package name="src.components.accordian">
      <metrics statements="30" coveredstatements="29" conditionals="14" coveredconditionals="12" methods="10" coveredmethods="10"/>
      <file name="index.js" path="/Users/matthewahern/Desktop/ship-demo/src/components/accordian/index.js">
        <metrics statements="19" coveredstatements="18" conditionals="8" coveredconditionals="6" methods="4" coveredmethods="4"/>
        <line num="5" count="2" type="stmt"/>
        <line num="6" count="35" type="stmt"/>
        <line num="7" count="35" type="stmt"/>
        <line num="9" count="35" type="stmt"/>
        <line num="10" count="35" type="cond" truecount="1" falsecount="1"/>
        <line num="11" count="0" type="stmt"/>
        <line num="14" count="35" type="stmt"/>
        <line num="15" count="26" type="cond" truecount="1" falsecount="1"/>
        <line num="18" count="26" type="stmt"/>
        <line num="20" count="26" type="cond" truecount="2" falsecount="0"/>
        <line num="22" count="26" type="stmt"/>
        <line num="27" count="26" type="stmt"/>
        <line num="29" count="26" type="stmt"/>
        <line num="33" count="35" type="stmt"/>
        <line num="34" count="26" type="stmt"/>
        <line num="35" count="26" type="cond" truecount="2" falsecount="0"/>
        <line num="36" count="9" type="stmt"/>
        <line num="40" count="35" type="stmt"/>
        <line num="50" count="2" type="stmt"/>
      </file>
      <file name="utils.js" path="/Users/matthewahern/Desktop/ship-demo/src/components/accordian/utils.js">
        <metrics statements="11" coveredstatements="11" conditionals="6" coveredconditionals="6" methods="6" coveredmethods="6"/>
        <line num="1" count="96" type="stmt"/>
        <line num="3" count="2" type="stmt"/>
        <line num="4" count="61" type="stmt"/>
        <line num="6" count="61" type="stmt"/>
        <line num="7" count="45" type="stmt"/>
        <line num="9" count="45" type="cond" truecount="4" falsecount="0"/>
        <line num="10" count="27" type="stmt"/>
        <line num="14" count="61" type="stmt"/>
        <line num="17" count="2" type="stmt"/>
        <line num="18" count="26" type="cond" truecount="2" falsecount="0"/>
        <line num="19" count="6" type="stmt"/>
      </file>
    </package>
    <package name="src.components.accordian.accordian-item">
      <metrics statements="33" coveredstatements="31" conditionals="22" coveredconditionals="19" methods="7" coveredmethods="6"/>
      <file name="index.js" path="/Users/matthewahern/Desktop/ship-demo/src/components/accordian/accordian-item/index.js">
        <metrics statements="33" coveredstatements="31" conditionals="22" coveredconditionals="19" methods="7" coveredmethods="6"/>
        <line num="8" count="2" type="stmt"/>
        <line num="9" count="42" type="cond" truecount="2" falsecount="0"/>
        <line num="10" count="42" type="stmt"/>
        <line num="13" count="42" type="stmt"/>
        <line num="14" count="42" type="stmt"/>
        <line num="15" count="42" type="stmt"/>
        <line num="16" count="42" type="stmt"/>
        <line num="17" count="42" type="stmt"/>
        <line num="19" count="42" type="stmt"/>
        <line num="24" count="42" type="stmt"/>
        <line num="25" count="35" type="stmt"/>
        <line num="27" count="35" type="stmt"/>
        <line num="29" count="35" type="cond" truecount="4" falsecount="0"/>
        <line num="30" count="35" type="stmt"/>
        <line num="32" count="35" type="cond" truecount="2" falsecount="0"/>
        <line num="33" count="15" type="stmt"/>
        <line num="34" count="0" type="stmt"/>
        <line num="35" count="0" type="stmt"/>
        <line num="38" count="20" type="stmt"/>
        <line num="39" count="3" type="stmt"/>
        <line num="44" count="42" type="stmt"/>
        <line num="46" count="9" type="stmt"/>
        <line num="48" count="9" type="stmt"/>
        <line num="49" count="9" type="stmt"/>
        <line num="53" count="42" type="stmt"/>
        <line num="54" count="26" type="cond" truecount="2" falsecount="0"/>
        <line num="55" count="16" type="cond" truecount="1" falsecount="1"/>
        <line num="57" count="16" type="cond" truecount="2" falsecount="0"/>
        <line num="58" count="7" type="stmt"/>
        <line num="60" count="9" type="stmt"/>
        <line num="62" count="10" type="cond" truecount="1" falsecount="1"/>
        <line num="63" count="10" type="stmt"/>
        <line num="67" count="42" type="stmt"/>
      </file>
    </package>
    <package name="src.components.accordian.accordian-item.acccordion-item-title">
      <metrics statements="5" coveredstatements="4" conditionals="2" coveredconditionals="1" methods="1" coveredmethods="1"/>
      <file name="index.js" path="/Users/matthewahern/Desktop/ship-demo/src/components/accordian/accordian-item/acccordion-item-title/index.js">
        <metrics statements="5" coveredstatements="4" conditionals="2" coveredconditionals="1" methods="1" coveredmethods="1"/>
        <line num="4" count="2" type="stmt"/>
        <line num="5" count="26" type="stmt"/>
        <line num="10" count="26" type="cond" truecount="1" falsecount="1"/>
        <line num="11" count="26" type="stmt"/>
        <line num="17" count="0" type="stmt"/>
      </file>
    </package>
    <package name="src.components.accordian.accordian-item.accordion-item-body">
      <metrics statements="3" coveredstatements="3" conditionals="0" coveredconditionals="0" methods="1" coveredmethods="1"/>
      <file name="index.js" path="/Users/matthewahern/Desktop/ship-demo/src/components/accordian/accordian-item/accordion-item-body/index.js">
        <metrics statements="3" coveredstatements="3" conditionals="0" coveredconditionals="0" methods="1" coveredmethods="1"/>
        <line num="4" count="2" type="stmt"/>
        <line num="6" count="39" type="stmt"/>
        <line num="13" count="39" type="stmt"/>
      </file>
    </package>
    <package name="src.components.alert-handler">
      <metrics statements="15" coveredstatements="14" conditionals="5" coveredconditionals="4" methods="8" coveredmethods="8"/>
      <file name="index.js" path="/Users/matthewahern/Desktop/ship-demo/src/components/alert-handler/index.js">
        <metrics statements="15" coveredstatements="14" conditionals="5" coveredconditionals="4" methods="8" coveredmethods="8"/>
        <line num="7" count="3" type="stmt"/>
        <line num="12" count="8" type="stmt"/>
        <line num="17" count="5" type="stmt"/>
        <line num="21" count="3" type="stmt"/>
        <line num="22" count="13" type="cond" truecount="2" falsecount="1"/>
        <line num="24" count="8" type="stmt"/>
        <line num="26" count="5" type="stmt"/>
        <line num="28" count="0" type="stmt"/>
        <line num="32" count="3" type="stmt"/>
        <line num="38" count="13" type="stmt"/>
        <line num="55" count="4" type="stmt"/>
        <line num="62" count="3" type="stmt"/>
        <line num="71" count="3" type="stmt"/>
        <line num="72" count="8" type="stmt"/>
        <line num="74" count="5" type="stmt"/>
      </file>
    </package>
    <package name="src.components.button">
      <metrics statements="10" coveredstatements="10" conditionals="2" coveredconditionals="2" methods="5" coveredmethods="5"/>
      <file name="index.js" path="/Users/matthewahern/Desktop/ship-demo/src/components/button/index.js">
        <metrics statements="10" coveredstatements="10" conditionals="2" coveredconditionals="2" methods="5" coveredmethods="5"/>
        <line num="5" count="4" type="stmt"/>
        <line num="6" count="119" type="stmt"/>
        <line num="17" count="4" type="stmt"/>
        <line num="18" count="52" type="stmt"/>
        <line num="21" count="4" type="stmt"/>
        <line num="22" count="56" type="stmt"/>
        <line num="24" count="4" type="stmt"/>
        <line num="25" count="1" type="stmt"/>
        <line num="27" count="4" type="stmt"/>
        <line num="28" count="10" type="stmt"/>
      </file>
    </package>
    <package name="src.components.card">
      <metrics statements="9" coveredstatements="9" conditionals="2" coveredconditionals="1" methods="5" coveredmethods="5"/>
      <file name="index.js" path="/Users/matthewahern/Desktop/ship-demo/src/components/card/index.js">
        <metrics statements="9" coveredstatements="9" conditionals="2" coveredconditionals="1" methods="5" coveredmethods="5"/>
        <line num="7" count="4" type="stmt"/>
        <line num="8" count="76" type="cond" truecount="1" falsecount="1"/>
        <line num="15" count="4" type="stmt"/>
        <line num="16" count="26" type="stmt"/>
        <line num="19" count="4" type="stmt"/>
        <line num="20" count="37" type="stmt"/>
        <line num="22" count="4" type="stmt"/>
        <line num="23" count="8" type="stmt"/>
        <line num="25" count="5" type="stmt"/>
      </file>
    </package>
    <package name="src.components.checkbox">
      <metrics statements="5" coveredstatements="5" conditionals="0" coveredconditionals="0" methods="2" coveredmethods="2"/>
      <file name="index.js" path="/Users/matthewahern/Desktop/ship-demo/src/components/checkbox/index.js">
        <metrics statements="5" coveredstatements="5" conditionals="0" coveredconditionals="0" methods="2" coveredmethods="2"/>
        <line num="6" count="2" type="stmt"/>
        <line num="7" count="14" type="stmt"/>
        <line num="9" count="14" type="stmt"/>
        <line num="10" count="2" type="stmt"/>
        <line num="13" count="14" type="stmt"/>
      </file>
    </package>
    <package name="src.components.icons">
      <metrics statements="4" coveredstatements="4" conditionals="21" coveredconditionals="21" methods="2" coveredmethods="2"/>
      <file name="index.js" path="/Users/matthewahern/Desktop/ship-demo/src/components/icons/index.js">
        <metrics statements="0" coveredstatements="0" conditionals="0" coveredconditionals="0" methods="0" coveredmethods="0"/>
      </file>
      <file name="pencil.js" path="/Users/matthewahern/Desktop/ship-demo/src/components/icons/pencil.js">
        <metrics statements="2" coveredstatements="2" conditionals="3" coveredconditionals="3" methods="1" coveredmethods="1"/>
        <line num="5" count="3" type="stmt"/>
        <line num="8" count="19" type="stmt"/>
      </file>
      <file name="trash.js" path="/Users/matthewahern/Desktop/ship-demo/src/components/icons/trash.js">
        <metrics statements="2" coveredstatements="2" conditionals="18" coveredconditionals="18" methods="1" coveredmethods="1"/>
        <line num="5" count="3" type="stmt"/>
        <line num="8" count="20" type="stmt"/>
      </file>
    </package>
    <package name="src.components.route-planner">
      <metrics statements="3" coveredstatements="3" conditionals="0" coveredconditionals="0" methods="1" coveredmethods="1"/>
      <file name="index.js" path="/Users/matthewahern/Desktop/ship-demo/src/components/route-planner/index.js">
        <metrics statements="3" coveredstatements="3" conditionals="0" coveredconditionals="0" methods="1" coveredmethods="1"/>
        <line num="7" count="2" type="stmt"/>
        <line num="12" count="2" type="stmt"/>
        <line num="13" count="10" type="stmt"/>
      </file>
    </package>
    <package name="src.components.route-planner.create-stop">
      <metrics statements="38" coveredstatements="34" conditionals="21" coveredconditionals="14" methods="8" coveredmethods="8"/>
      <file name="index.js" path="/Users/matthewahern/Desktop/ship-demo/src/components/route-planner/create-stop/index.js">
        <metrics statements="38" coveredstatements="34" conditionals="21" coveredconditionals="14" methods="8" coveredmethods="8"/>
        <line num="9" count="2" type="cond" truecount="0" falsecount="1"/>
        <line num="10" count="36" type="stmt"/>
        <line num="11" count="36" type="stmt"/>
        <line num="12" count="8" type="stmt"/>
        <line num="17" count="8" type="stmt"/>
        <line num="20" count="36" type="stmt"/>
        <line num="21" count="4" type="stmt"/>
        <line num="23" count="36" type="stmt"/>
        <line num="30" count="2" type="stmt"/>
        <line num="31" count="36" type="stmt"/>
        <line num="32" count="36" type="stmt"/>
        <line num="33" count="36" type="stmt"/>
        <line num="37" count="36" type="stmt"/>
        <line num="38" count="80" type="stmt"/>
        <line num="44" count="36" type="stmt"/>
        <line num="46" count="36" type="stmt"/>
        <line num="48" count="36" type="stmt"/>
        <line num="49" count="4" type="stmt"/>
        <line num="50" count="4" type="cond" truecount="1" falsecount="1"/>
        <line num="51" count="0" type="stmt"/>
        <line num="52" count="0" type="stmt"/>
        <line num="54" count="4" type="stmt"/>
        <line num="57" count="4" type="cond" truecount="1" falsecount="1"/>
        <line num="58" count="0" type="stmt"/>
        <line num="59" count="0" type="stmt"/>
        <line num="61" count="4" type="stmt"/>
        <line num="64" count="4" type="stmt"/>
        <line num="67" count="36" type="stmt"/>
        <line num="68" count="4" type="cond" truecount="1" falsecount="1"/>
        <line num="69" count="4" type="stmt"/>
        <line num="70" count="4" type="cond" truecount="1" falsecount="1"/>
        <line num="71" count="4" type="stmt"/>
        <line num="74" count="36" type="stmt"/>
        <line num="75" count="18" type="cond" truecount="2" falsecount="0"/>
        <line num="76" count="4" type="stmt"/>
        <line num="77" count="4" type="stmt"/>
        <line num="81" count="36" type="cond" truecount="2" falsecount="0"/>
        <line num="83" count="36" type="stmt"/>
      </file>
    </package>
    <package name="src.components.route-planner.stops-editor">
      <metrics statements="20" coveredstatements="20" conditionals="4" coveredconditionals="4" methods="9" coveredmethods="9"/>
      <file name="index.js" path="/Users/matthewahern/Desktop/ship-demo/src/components/route-planner/stops-editor/index.js">
        <metrics statements="20" coveredstatements="20" conditionals="4" coveredconditionals="4" methods="9" coveredmethods="9"/>
        <line num="12" count="2" type="stmt"/>
        <line num="13" count="26" type="stmt"/>
        <line num="14" count="70" type="stmt"/>
        <line num="15" count="70" type="stmt"/>
        <line num="23" count="26" type="stmt"/>
        <line num="24" count="26" type="stmt"/>
        <line num="26" count="26" type="stmt"/>
        <line num="27" count="16" type="cond" truecount="2" falsecount="0"/>
        <line num="28" count="4" type="stmt"/>
        <line num="29" count="1" type="stmt"/>
        <line num="37" count="26" type="stmt"/>
        <line num="38" count="3" type="stmt"/>
        <line num="41" count="26" type="stmt"/>
        <line num="42" count="1" type="stmt"/>
        <line num="45" count="26" type="stmt"/>
        <line num="46" count="2" type="stmt"/>
        <line num="49" count="26" type="stmt"/>
        <line num="50" count="1" type="stmt"/>
        <line num="52" count="26" type="stmt"/>
        <line num="67" count="19" type="stmt"/>
      </file>
    </package>
    <package name="src.components.route-planner.stops-editor.edit-item">
      <metrics statements="33" coveredstatements="31" conditionals="22" coveredconditionals="18" methods="10" coveredmethods="10"/>
      <file name="index.js" path="/Users/matthewahern/Desktop/ship-demo/src/components/route-planner/stops-editor/edit-item/index.js">
        <metrics statements="33" coveredstatements="31" conditionals="22" coveredconditionals="18" methods="10" coveredmethods="10"/>
        <line num="11" count="2" type="cond" truecount="0" falsecount="1"/>
        <line num="12" count="27" type="stmt"/>
        <line num="13" count="27" type="cond" truecount="2" falsecount="0"/>
        <line num="14" count="15" type="stmt"/>
        <line num="16" count="12" type="stmt"/>
        <line num="18" count="27" type="stmt"/>
        <line num="19" count="27" type="stmt"/>
        <line num="20" count="27" type="stmt"/>
        <line num="23" count="27" type="stmt"/>
        <line num="24" count="27" type="stmt"/>
        <line num="25" count="5" type="stmt"/>
        <line num="30" count="5" type="stmt"/>
        <line num="32" count="27" type="stmt"/>
        <line num="38" count="2" type="stmt"/>
        <line num="47" count="27" type="stmt"/>
        <line num="52" count="27" type="stmt"/>
        <line num="54" count="27" type="stmt"/>
        <line num="56" count="27" type="stmt"/>
        <line num="57" count="2" type="stmt"/>
        <line num="58" count="2" type="stmt"/>
        <line num="61" count="27" type="stmt"/>
        <line num="62" count="2" type="cond" truecount="2" falsecount="0"/>
        <line num="63" count="1" type="stmt"/>
        <line num="66" count="1" type="stmt"/>
        <line num="69" count="27" type="stmt"/>
        <line num="70" count="1" type="cond" truecount="1" falsecount="1"/>
        <line num="71" count="1" type="stmt"/>
        <line num="76" count="1" type="stmt"/>
        <line num="83" count="0" type="cond" truecount="0" falsecount="2"/>
        <line num="84" count="0" type="stmt"/>
        <line num="88" count="27" type="stmt"/>
        <line num="128" count="2" type="cond" truecount="2" falsecount="0"/>
        <line num="166" count="10" type="stmt"/>
      </file>
    </package>
    <package name="src.components.route-planner.stops-editor.stops-item">
      <metrics statements="7" coveredstatements="6" conditionals="2" coveredconditionals="2" methods="3" coveredmethods="2"/>
      <file name="index.js" path="/Users/matthewahern/Desktop/ship-demo/src/components/route-planner/stops-editor/stops-item/index.js">
        <metrics statements="7" coveredstatements="6" conditionals="2" coveredconditionals="2" methods="3" coveredmethods="2"/>
        <line num="6" count="2" type="stmt"/>
        <line num="8" count="2" type="stmt"/>
        <line num="9" count="19" type="stmt"/>
        <line num="11" count="19" type="stmt"/>
        <line num="18" count="19" type="stmt"/>
        <line num="27" count="3" type="stmt"/>
        <line num="34" count="0" type="stmt"/>
      </file>
    </package>
    <package name="src.components.text-input">
      <metrics statements="7" coveredstatements="6" conditionals="3" coveredconditionals="3" methods="3" coveredmethods="2"/>
      <file name="index.js" path="/Users/matthewahern/Desktop/ship-demo/src/components/text-input/index.js">
        <metrics statements="7" coveredstatements="6" conditionals="3" coveredconditionals="3" methods="3" coveredmethods="2"/>
        <line num="4" count="2" type="stmt"/>
        <line num="5" count="91" type="stmt"/>
        <line num="6" count="91" type="stmt"/>
        <line num="7" count="91" type="cond" truecount="3" falsecount="0"/>
        <line num="8" count="91" type="stmt"/>
        <line num="18" count="1" type="stmt"/>
        <line num="19" count="0" type="stmt"/>
      </file>
    </package>
    <package name="src.components.wrapper">
      <metrics statements="3" coveredstatements="3" conditionals="6" coveredconditionals="5" methods="2" coveredmethods="2"/>
      <file name="index.js" path="/Users/matthewahern/Desktop/ship-demo/src/components/wrapper/index.js">
        <metrics statements="3" coveredstatements="3" conditionals="6" coveredconditionals="5" methods="2" coveredmethods="2"/>
        <line num="5" count="5" type="stmt"/>
        <line num="12" count="5" type="stmt"/>
        <line num="13" count="848" type="stmt"/>
      </file>
    </package>
    <package name="src.consts">
      <metrics statements="3" coveredstatements="3" conditionals="0" coveredconditionals="0" methods="0" coveredmethods="0"/>
      <file name="index.js" path="/Users/matthewahern/Desktop/ship-demo/src/consts/index.js">
        <metrics statements="3" coveredstatements="3" conditionals="0" coveredconditionals="0" methods="0" coveredmethods="0"/>
        <line num="1" count="6" type="stmt"/>
        <line num="7" count="6" type="stmt"/>
        <line num="14" count="6" type="stmt"/>
      </file>
    </package>
    <package name="src.ducks.actions">
      <metrics statements="9" coveredstatements="9" conditionals="0" coveredconditionals="0" methods="9" coveredmethods="9"/>
      <file name="index.js" path="/Users/matthewahern/Desktop/ship-demo/src/ducks/actions/index.js">
        <metrics statements="9" coveredstatements="9" conditionals="0" coveredconditionals="0" methods="9" coveredmethods="9"/>
        <line num="3" count="2" type="stmt"/>
        <line num="8" count="4" type="stmt"/>
        <line num="15" count="4" type="stmt"/>
        <line num="21" count="3" type="stmt"/>
        <line num="28" count="2" type="stmt"/>
        <line num="33" count="5" type="stmt"/>
        <line num="38" count="2" type="stmt"/>
        <line num="43" count="8" type="stmt"/>
        <line num="48" count="4" type="stmt"/>
      </file>
    </package>
    <package name="src.ducks.reducers">
      <metrics statements="37" coveredstatements="37" conditionals="15" coveredconditionals="14" methods="11" coveredmethods="11"/>
      <file name="index.js" path="/Users/matthewahern/Desktop/ship-demo/src/ducks/reducers/index.js">
        <metrics statements="37" coveredstatements="37" conditionals="15" coveredconditionals="14" methods="11" coveredmethods="11"/>
        <line num="4" count="2" type="stmt"/>
        <line num="14" count="43" type="stmt"/>
        <line num="19" count="2" type="stmt"/>
        <line num="20" count="8" type="stmt"/>
        <line num="24" count="2" type="stmt"/>
        <line num="25" count="5" type="stmt"/>
        <line num="29" count="5" type="stmt"/>
        <line num="32" count="2" type="stmt"/>
        <line num="33" count="4" type="stmt"/>
        <line num="34" count="4" type="cond" truecount="2" falsecount="0"/>
        <line num="35" count="4" type="stmt"/>
        <line num="45" count="4" type="stmt"/>
        <line num="48" count="2" type="stmt"/>
        <line num="49" count="3" type="cond" truecount="2" falsecount="0"/>
        <line num="51" count="3" type="stmt"/>
        <line num="59" count="3" type="stmt"/>
        <line num="62" count="2" type="stmt"/>
        <line num="63" count="2" type="stmt"/>
        <line num="64" count="2" type="cond" truecount="1" falsecount="1"/>
        <line num="66" count="2" type="stmt"/>
        <line num="68" count="2" type="stmt"/>
        <line num="73" count="2" type="stmt"/>
        <line num="76" count="2" type="stmt"/>
        <line num="77" count="2" type="stmt"/>
        <line num="82" count="2" type="stmt"/>
        <line num="85" count="2" type="stmt"/>
        <line num="86" count="4" type="stmt"/>
        <line num="89" count="10" type="stmt"/>
        <line num="96" count="44" type="cond" truecount="8" falsecount="0"/>
        <line num="98" count="5" type="stmt"/>
        <line num="100" count="2" type="stmt"/>
        <line num="102" count="4" type="stmt"/>
        <line num="104" count="3" type="stmt"/>
        <line num="106" count="2" type="stmt"/>
        <line num="108" count="8" type="stmt"/>
        <line num="110" count="4" type="stmt"/>
        <line num="112" count="16" type="stmt"/>
      </file>
    </package>
    <package name="src.ducks.sagas">
      <metrics statements="39" coveredstatements="36" conditionals="12" coveredconditionals="11" methods="6" coveredmethods="6"/>
      <file name="index.js" path="/Users/matthewahern/Desktop/ship-demo/src/ducks/sagas/index.js">
        <metrics statements="39" coveredstatements="36" conditionals="12" coveredconditionals="11" methods="6" coveredmethods="6"/>
        <line num="6" count="2" type="stmt"/>
        <line num="7" count="6" type="stmt"/>
        <line num="8" count="6" type="stmt"/>
        <line num="9" count="4" type="stmt"/>
        <line num="11" count="2" type="stmt"/>
        <line num="16" count="4" type="stmt"/>
        <line num="23" count="4" type="stmt"/>
        <line num="24" count="4" type="stmt"/>
        <line num="25" count="4" type="stmt"/>
        <line num="26" count="4" type="stmt"/>
        <line num="27" count="4" type="stmt"/>
        <line num="28" count="4" type="stmt"/>
        <line num="31" count="4" type="cond" truecount="2" falsecount="0"/>
        <line num="32" count="1" type="stmt"/>
        <line num="35" count="3" type="cond" truecount="4" falsecount="0"/>
        <line num="36" count="2" type="stmt"/>
        <line num="37" count="2" type="stmt"/>
        <line num="38" count="2" type="stmt"/>
        <line num="40" count="1" type="stmt"/>
        <line num="44" count="4" type="stmt"/>
        <line num="52" count="0" type="stmt"/>
        <line num="54" count="4" type="stmt"/>
        <line num="59" count="2" type="stmt"/>
        <line num="60" count="2" type="stmt"/>
        <line num="62" count="2" type="stmt"/>
        <line num="63" count="2" type="stmt"/>
        <line num="64" count="2" type="stmt"/>
        <line num="68" count="2" type="cond" truecount="2" falsecount="0"/>
        <line num="69" count="1" type="stmt"/>
        <line num="70" count="1" type="stmt"/>
        <line num="71" count="1" type="stmt"/>
        <line num="74" count="1" type="cond" truecount="3" falsecount="1"/>
        <line num="75" count="1" type="stmt"/>
        <line num="76" count="1" type="stmt"/>
        <line num="77" count="1" type="stmt"/>
        <line num="79" count="0" type="stmt"/>
        <line num="82" count="2" type="stmt"/>
        <line num="90" count="0" type="stmt"/>
        <line num="95" count="10" type="stmt"/>
      </file>
    </package>
    <package name="src.ducks.types">
      <metrics statements="9" coveredstatements="9" conditionals="0" coveredconditionals="0" methods="0" coveredmethods="0"/>
      <file name="index.js" path="/Users/matthewahern/Desktop/ship-demo/src/ducks/types/index.js">
        <metrics statements="9" coveredstatements="9" conditionals="0" coveredconditionals="0" methods="0" coveredmethods="0"/>
        <line num="1" count="2" type="stmt"/>
        <line num="2" count="2" type="stmt"/>
        <line num="3" count="2" type="stmt"/>
        <line num="4" count="2" type="stmt"/>
        <line num="5" count="2" type="stmt"/>
        <line num="6" count="2" type="stmt"/>
        <line num="7" count="2" type="stmt"/>
        <line num="8" count="2" type="stmt"/>
        <line num="9" count="2" type="stmt"/>
      </file>
    </package>
    <package name="src.hooks">
      <metrics statements="5" coveredstatements="5" conditionals="0" coveredconditionals="0" methods="2" coveredmethods="2"/>
      <file name="usePrevious.js" path="/Users/matthewahern/Desktop/ship-demo/src/hooks/usePrevious.js">
        <metrics statements="5" coveredstatements="5" conditionals="0" coveredconditionals="0" methods="2" coveredmethods="2"/>
        <line num="3" count="2" type="stmt"/>
        <line num="4" count="110" type="stmt"/>
        <line num="5" count="110" type="stmt"/>
        <line num="6" count="51" type="stmt"/>
        <line num="9" count="110" type="stmt"/>
      </file>
    </package>
  </project>
</coverage>
