{"/Users/matthewahern/Desktop/ship-demo/src/index.js": {"path":"/Users/matthewahern/Desktop/ship-demo/src/index.js","statementMap":{"0":{"start":{"line":7,"column":0},"end":{"line":12,"column":2}}},"fnMap":{},"branchMap":{},"s":{"0":0},"f":{},"b":{},"hash":"da182a03e8ad70ea716506b53095dbc0b57fcb14"}
,"/Users/matthewahern/Desktop/ship-demo/src/store.js": {"path":"/Users/matthewahern/Desktop/ship-demo/src/store.js","statementMap":{"0":{"start":{"line":7,"column":25},"end":{"line":7,"column":47}},"1":{"start":{"line":9,"column":16},"end":{"line":9,"column":69}},"2":{"start":{"line":10,"column":2},"end":{"line":10,"column":31}},"3":{"start":{"line":11,"column":2},"end":{"line":11,"column":15}}},"fnMap":{"0":{"name":"(anonymous_0)","decl":{"start":{"line":6,"column":15},"end":{"line":6,"column":16}},"loc":{"start":{"line":6,"column":26},"end":{"line":12,"column":1}},"line":6}},"branchMap":{},"s":{"0":0,"1":0,"2":0,"3":0},"f":{"0":0},"b":{},"hash":"b5d15271d11e295139c3c1327aa8479c19d3156d"}
,"/Users/matthewahern/Desktop/ship-demo/src/api/stop-api.js": {"path":"/Users/matthewahern/Desktop/ship-demo/src/api/stop-api.js","statementMap":{"0":{"start":{"line":4,"column":14},"end":{"line":4,"column":77}},"1":{"start":{"line":6,"column":2},"end":{"line":28,"column":7}},"2":{"start":{"line":18,"column":6},"end":{"line":18,"column":22}},"3":{"start":{"line":21,"column":61},"end":{"line":23,"column":12}},"4":{"start":{"line":24,"column":27},"end":{"line":26,"column":18}},"5":{"start":{"line":27,"column":6},"end":{"line":27,"column":25}}},"fnMap":{"0":{"name":"verifyAddress","decl":{"start":{"line":3,"column":16},"end":{"line":3,"column":29}},"loc":{"start":{"line":3,"column":39},"end":{"line":29,"column":1}},"line":3},"1":{"name":"(anonymous_1)","decl":{"start":{"line":17,"column":10},"end":{"line":17,"column":11}},"loc":{"start":{"line":17,"column":17},"end":{"line":19,"column":5}},"line":17},"2":{"name":"(anonymous_2)","decl":{"start":{"line":20,"column":11},"end":{"line":20,"column":12}},"loc":{"start":{"line":20,"column":18},"end":{"line":28,"column":5}},"line":20}},"branchMap":{"0":{"loc":{"start":{"line":21,"column":61},"end":{"line":23,"column":12}},"type":"cond-expr","locations":[{"start":{"line":22,"column":10},"end":{"line":22,"column":27}},{"start":{"line":23,"column":10},"end":{"line":23,"column":12}}],"line":21},"1":{"loc":{"start":{"line":24,"column":27},"end":{"line":26,"column":18}},"type":"cond-expr","locations":[{"start":{"line":25,"column":10},"end":{"line":25,"column":64}},{"start":{"line":26,"column":10},"end":{"line":26,"column":18}}],"line":24}},"s":{"0":0,"1":0,"2":0,"3":0,"4":0,"5":0},"f":{"0":0,"1":0,"2":0},"b":{"0":[0,0],"1":[0,0]},"hash":"fba831960edeae91c4332ddd650f5f9f0ea1c926"}
,"/Users/matthewahern/Desktop/ship-demo/src/assets/logo.js": {"path":"/Users/matthewahern/Desktop/ship-demo/src/assets/logo.js","statementMap":{"0":{"start":{"line":3,"column":13},"end":{"line":24,"column":1}},"1":{"start":{"line":4,"column":2},"end":{"line":23,"column":4}}},"fnMap":{"0":{"name":"(anonymous_0)","decl":{"start":{"line":3,"column":13},"end":{"line":3,"column":14}},"loc":{"start":{"line":4,"column":2},"end":{"line":23,"column":4}},"line":4}},"branchMap":{},"s":{"0":0,"1":0},"f":{"0":0},"b":{},"hash":"5f162c796e4e954c3e02ddc712af32be90461cbe"}
,"/Users/matthewahern/Desktop/ship-demo/src/components/App/App.js": {"path":"/Users/matthewahern/Desktop/ship-demo/src/components/App/App.js","statementMap":{"0":{"start":{"line":6,"column":2},"end":{"line":12,"column":4}}},"fnMap":{"0":{"name":"App","decl":{"start":{"line":5,"column":24},"end":{"line":5,"column":27}},"loc":{"start":{"line":5,"column":30},"end":{"line":13,"column":1}},"line":5}},"branchMap":{},"s":{"0":0},"f":{"0":0},"b":{},"hash":"fb72a4c6edae54732ceb3a7a3e05c3257e911264"}
,"/Users/matthewahern/Desktop/ship-demo/src/components/App/index.js": {"path":"/Users/matthewahern/Desktop/ship-demo/src/components/App/index.js","statementMap":{},"fnMap":{},"branchMap":{},"s":{},"f":{},"b":{},"hash":"2f43a64573f49fa68f80598eb8febea2c06f4edd"}
,"/Users/matthewahern/Desktop/ship-demo/src/components/accordian/index.js": {"path":"/Users/matthewahern/Desktop/ship-demo/src/components/accordian/index.js","statementMap":{"0":{"start":{"line":5,"column":18},"end":{"line":48,"column":1}},"1":{"start":{"line":6,"column":38},"end":{"line":6,"column":77}},"2":{"start":{"line":7,"column":34},"end":{"line":7,"column":39}},"3":{"start":{"line":9,"column":23},"end":{"line":31,"column":3}},"4":{"start":{"line":10,"column":4},"end":{"line":12,"column":5}},"5":{"start":{"line":11,"column":6},"end":{"line":11,"column":18}},"6":{"start":{"line":14,"column":4},"end":{"line":30,"column":11}},"7":{"start":{"line":15,"column":6},"end":{"line":28,"column":7}},"8":{"start":{"line":18,"column":12},"end":{"line":18,"column":16}},"9":{"start":{"line":20,"column":27},"end":{"line":20,"column":72}},"10":{"start":{"line":22,"column":24},"end":{"line":26,"column":10}},"11":{"start":{"line":27,"column":8},"end":{"line":27,"column":26}},"12":{"start":{"line":29,"column":6},"end":{"line":29,"column":17}},"13":{"start":{"line":33,"column":2},"end":{"line":38,"column":17}},"14":{"start":{"line":34,"column":34},"end":{"line":34,"column":57}},"15":{"start":{"line":35,"column":4},"end":{"line":37,"column":5}},"16":{"start":{"line":36,"column":6},"end":{"line":36,"column":43}},"17":{"start":{"line":40,"column":2},"end":{"line":47,"column":4}},"18":{"start":{"line":50,"column":0},"end":{"line":52,"column":2}}},"fnMap":{"0":{"name":"(anonymous_0)","decl":{"start":{"line":5,"column":18},"end":{"line":5,"column":19}},"loc":{"start":{"line":5,"column":27},"end":{"line":48,"column":1}},"line":5},"1":{"name":"(anonymous_1)","decl":{"start":{"line":9,"column":23},"end":{"line":9,"column":24}},"loc":{"start":{"line":9,"column":29},"end":{"line":31,"column":3}},"line":9},"2":{"name":"(anonymous_2)","decl":{"start":{"line":14,"column":37},"end":{"line":14,"column":38}},"loc":{"start":{"line":14,"column":59},"end":{"line":30,"column":5}},"line":14},"3":{"name":"(anonymous_3)","decl":{"start":{"line":33,"column":12},"end":{"line":33,"column":13}},"loc":{"start":{"line":33,"column":18},"end":{"line":38,"column":3}},"line":33}},"branchMap":{"0":{"loc":{"start":{"line":10,"column":4},"end":{"line":12,"column":5}},"type":"if","locations":[{"start":{"line":10,"column":4},"end":{"line":12,"column":5}},{"start":{"line":10,"column":4},"end":{"line":12,"column":5}}],"line":10},"1":{"loc":{"start":{"line":15,"column":6},"end":{"line":28,"column":7}},"type":"if","locations":[{"start":{"line":15,"column":6},"end":{"line":28,"column":7}},{"start":{"line":15,"column":6},"end":{"line":28,"column":7}}],"line":15},"2":{"loc":{"start":{"line":20,"column":27},"end":{"line":20,"column":72}},"type":"binary-expr","locations":[{"start":{"line":20,"column":27},"end":{"line":20,"column":36}},{"start":{"line":20,"column":40},"end":{"line":20,"column":72}}],"line":20},"3":{"loc":{"start":{"line":35,"column":4},"end":{"line":37,"column":5}},"type":"if","locations":[{"start":{"line":35,"column":4},"end":{"line":37,"column":5}},{"start":{"line":35,"column":4},"end":{"line":37,"column":5}}],"line":35}},"s":{"0":0,"1":0,"2":0,"3":0,"4":0,"5":0,"6":0,"7":0,"8":0,"9":0,"10":0,"11":0,"12":0,"13":0,"14":0,"15":0,"16":0,"17":0,"18":0},"f":{"0":0,"1":0,"2":0,"3":0},"b":{"0":[0,0],"1":[0,0],"2":[0,0],"3":[0,0]},"hash":"b60c2dd0c0fa8e34410ccc8fde836251ec9cf84c"}
,"/Users/matthewahern/Desktop/ship-demo/src/components/accordian/utils.js": {"path":"/Users/matthewahern/Desktop/ship-demo/src/components/accordian/utils.js","statementMap":{"0":{"start":{"line":1,"column":24},"end":{"line":1,"column":45}},"1":{"start":{"line":1,"column":31},"end":{"line":1,"column":45}},"2":{"start":{"line":3,"column":29},"end":{"line":15,"column":1}},"3":{"start":{"line":4,"column":19},"end":{"line":4,"column":21}},"4":{"start":{"line":6,"column":2},"end":{"line":12,"column":7}},"5":{"start":{"line":7,"column":18},"end":{"line":7,"column":20}},"6":{"start":{"line":9,"column":6},"end":{"line":11,"column":7}},"7":{"start":{"line":10,"column":8},"end":{"line":10,"column":31}},"8":{"start":{"line":14,"column":2},"end":{"line":14,"column":20}},"9":{"start":{"line":17,"column":22},"end":{"line":19,"column":61}},"10":{"start":{"line":18,"column":2},"end":{"line":19,"column":61}},"11":{"start":{"line":19,"column":35},"end":{"line":19,"column":60}}},"fnMap":{"0":{"name":"(anonymous_0)","decl":{"start":{"line":1,"column":24},"end":{"line":1,"column":25}},"loc":{"start":{"line":1,"column":31},"end":{"line":1,"column":45}},"line":1},"1":{"name":"(anonymous_1)","decl":{"start":{"line":3,"column":29},"end":{"line":3,"column":30}},"loc":{"start":{"line":3,"column":41},"end":{"line":15,"column":1}},"line":3},"2":{"name":"(anonymous_2)","decl":{"start":{"line":7,"column":12},"end":{"line":7,"column":13}},"loc":{"start":{"line":7,"column":18},"end":{"line":7,"column":20}},"line":7},"3":{"name":"(anonymous_3)","decl":{"start":{"line":8,"column":13},"end":{"line":8,"column":14}},"loc":{"start":{"line":8,"column":34},"end":{"line":12,"column":5}},"line":8},"4":{"name":"(anonymous_4)","decl":{"start":{"line":17,"column":22},"end":{"line":17,"column":23}},"loc":{"start":{"line":18,"column":2},"end":{"line":19,"column":61}},"line":18},"5":{"name":"(anonymous_5)","decl":{"start":{"line":19,"column":15},"end":{"line":19,"column":16}},"loc":{"start":{"line":19,"column":35},"end":{"line":19,"column":60}},"line":19}},"branchMap":{"0":{"loc":{"start":{"line":9,"column":6},"end":{"line":11,"column":7}},"type":"if","locations":[{"start":{"line":9,"column":6},"end":{"line":11,"column":7}},{"start":{"line":9,"column":6},"end":{"line":11,"column":7}}],"line":9},"1":{"loc":{"start":{"line":9,"column":10},"end":{"line":9,"column":61}},"type":"binary-expr","locations":[{"start":{"line":9,"column":10},"end":{"line":9,"column":34}},{"start":{"line":9,"column":38},"end":{"line":9,"column":61}}],"line":9},"2":{"loc":{"start":{"line":18,"column":2},"end":{"line":19,"column":61}},"type":"binary-expr","locations":[{"start":{"line":18,"column":2},"end":{"line":18,"column":33}},{"start":{"line":19,"column":2},"end":{"line":19,"column":61}}],"line":18}},"s":{"0":0,"1":0,"2":0,"3":0,"4":0,"5":0,"6":0,"7":0,"8":0,"9":0,"10":0,"11":0},"f":{"0":0,"1":0,"2":0,"3":0,"4":0,"5":0},"b":{"0":[0,0],"1":[0,0],"2":[0,0]},"hash":"be5481a40cab0efb4e6109d5de2b9a937ab041ec"}
,"/Users/matthewahern/Desktop/ship-demo/src/components/accordian/accordian-item/index.js": {"path":"/Users/matthewahern/Desktop/ship-demo/src/components/accordian/accordian-item/index.js","statementMap":{"0":{"start":{"line":8,"column":22},"end":{"line":90,"column":1}},"1":{"start":{"line":9,"column":36},"end":{"line":9,"column":73}},"2":{"start":{"line":10,"column":34},"end":{"line":12,"column":3}},"3":{"start":{"line":13,"column":27},"end":{"line":13,"column":35}},"4":{"start":{"line":14,"column":21},"end":{"line":14,"column":29}},"5":{"start":{"line":15,"column":27},"end":{"line":15,"column":54}},"6":{"start":{"line":16,"column":27},"end":{"line":16,"column":54}},"7":{"start":{"line":17,"column":65},"end":{"line":17,"column":70}},"8":{"start":{"line":19,"column":23},"end":{"line":22,"column":3}},"9":{"start":{"line":24,"column":26},"end":{"line":42,"column":3}},"10":{"start":{"line":25,"column":4},"end":{"line":25,"column":37}},"11":{"start":{"line":27,"column":21},"end":{"line":27,"column":67}},"12":{"start":{"line":29,"column":4},"end":{"line":29,"column":74}},"13":{"start":{"line":30,"column":4},"end":{"line":30,"column":26}},"14":{"start":{"line":32,"column":4},"end":{"line":41,"column":5}},"15":{"start":{"line":33,"column":6},"end":{"line":36,"column":14}},"16":{"start":{"line":34,"column":8},"end":{"line":34,"column":29}},"17":{"start":{"line":35,"column":8},"end":{"line":35,"column":31}},"18":{"start":{"line":38,"column":6},"end":{"line":40,"column":12}},"19":{"start":{"line":39,"column":8},"end":{"line":39,"column":24}},"20":{"start":{"line":44,"column":2},"end":{"line":51,"column":9}},"21":{"start":{"line":46,"column":4},"end":{"line":46,"column":27}},"22":{"start":{"line":48,"column":4},"end":{"line":50,"column":6}},"23":{"start":{"line":49,"column":6},"end":{"line":49,"column":39}},"24":{"start":{"line":53,"column":2},"end":{"line":65,"column":27}},"25":{"start":{"line":54,"column":4},"end":{"line":64,"column":5}},"26":{"start":{"line":55,"column":6},"end":{"line":55,"column":27}},"27":{"start":{"line":55,"column":20},"end":{"line":55,"column":27}},"28":{"start":{"line":57,"column":6},"end":{"line":61,"column":7}},"29":{"start":{"line":58,"column":8},"end":{"line":58,"column":31}},"30":{"start":{"line":60,"column":8},"end":{"line":60,"column":30}},"31":{"start":{"line":62,"column":11},"end":{"line":64,"column":5}},"32":{"start":{"line":63,"column":6},"end":{"line":63,"column":29}},"33":{"start":{"line":67,"column":2},"end":{"line":89,"column":4}}},"fnMap":{"0":{"name":"(anonymous_0)","decl":{"start":{"line":8,"column":22},"end":{"line":8,"column":23}},"loc":{"start":{"line":8,"column":31},"end":{"line":90,"column":1}},"line":8},"1":{"name":"(anonymous_1)","decl":{"start":{"line":24,"column":26},"end":{"line":24,"column":27}},"loc":{"start":{"line":24,"column":38},"end":{"line":42,"column":3}},"line":24},"2":{"name":"(anonymous_2)","decl":{"start":{"line":33,"column":38},"end":{"line":33,"column":39}},"loc":{"start":{"line":33,"column":44},"end":{"line":36,"column":7}},"line":33},"3":{"name":"(anonymous_3)","decl":{"start":{"line":38,"column":38},"end":{"line":38,"column":39}},"loc":{"start":{"line":38,"column":44},"end":{"line":40,"column":7}},"line":38},"4":{"name":"(anonymous_4)","decl":{"start":{"line":44,"column":12},"end":{"line":44,"column":13}},"loc":{"start":{"line":44,"column":18},"end":{"line":51,"column":3}},"line":44},"5":{"name":"(anonymous_5)","decl":{"start":{"line":48,"column":11},"end":{"line":48,"column":12}},"loc":{"start":{"line":48,"column":17},"end":{"line":50,"column":5}},"line":48},"6":{"name":"(anonymous_6)","decl":{"start":{"line":53,"column":12},"end":{"line":53,"column":13}},"loc":{"start":{"line":53,"column":18},"end":{"line":65,"column":3}},"line":53}},"branchMap":{"0":{"loc":{"start":{"line":9,"column":45},"end":{"line":9,"column":72}},"type":"cond-expr","locations":[{"start":{"line":9,"column":62},"end":{"line":9,"column":68}},{"start":{"line":9,"column":71},"end":{"line":9,"column":72}}],"line":9},"1":{"loc":{"start":{"line":11,"column":4},"end":{"line":11,"column":41}},"type":"cond-expr","locations":[{"start":{"line":11,"column":21},"end":{"line":11,"column":30}},{"start":{"line":11,"column":33},"end":{"line":11,"column":41}}],"line":11},"2":{"loc":{"start":{"line":20,"column":36},"end":{"line":20,"column":67}},"type":"cond-expr","locations":[{"start":{"line":20,"column":47},"end":{"line":20,"column":62}},{"start":{"line":20,"column":65},"end":{"line":20,"column":67}}],"line":20},"3":{"loc":{"start":{"line":21,"column":8},"end":{"line":21,"column":39}},"type":"cond-expr","locations":[{"start":{"line":21,"column":19},"end":{"line":21,"column":34}},{"start":{"line":21,"column":37},"end":{"line":21,"column":39}}],"line":21},"4":{"loc":{"start":{"line":29,"column":17},"end":{"line":29,"column":72}},"type":"cond-expr","locations":[{"start":{"line":29,"column":40},"end":{"line":29,"column":68}},{"start":{"line":29,"column":71},"end":{"line":29,"column":72}}],"line":29},"5":{"loc":{"start":{"line":29,"column":17},"end":{"line":29,"column":37}},"type":"binary-expr","locations":[{"start":{"line":29,"column":17},"end":{"line":29,"column":25}},{"start":{"line":29,"column":29},"end":{"line":29,"column":37}}],"line":29},"6":{"loc":{"start":{"line":32,"column":4},"end":{"line":41,"column":5}},"type":"if","locations":[{"start":{"line":32,"column":4},"end":{"line":41,"column":5}},{"start":{"line":32,"column":4},"end":{"line":41,"column":5}}],"line":32},"7":{"loc":{"start":{"line":54,"column":4},"end":{"line":64,"column":5}},"type":"if","locations":[{"start":{"line":54,"column":4},"end":{"line":64,"column":5}},{"start":{"line":54,"column":4},"end":{"line":64,"column":5}}],"line":54},"8":{"loc":{"start":{"line":55,"column":6},"end":{"line":55,"column":27}},"type":"if","locations":[{"start":{"line":55,"column":6},"end":{"line":55,"column":27}},{"start":{"line":55,"column":6},"end":{"line":55,"column":27}}],"line":55},"9":{"loc":{"start":{"line":57,"column":6},"end":{"line":61,"column":7}},"type":"if","locations":[{"start":{"line":57,"column":6},"end":{"line":61,"column":7}},{"start":{"line":57,"column":6},"end":{"line":61,"column":7}}],"line":57},"10":{"loc":{"start":{"line":62,"column":11},"end":{"line":64,"column":5}},"type":"if","locations":[{"start":{"line":62,"column":11},"end":{"line":64,"column":5}},{"start":{"line":62,"column":11},"end":{"line":64,"column":5}}],"line":62}},"s":{"0":0,"1":0,"2":0,"3":0,"4":0,"5":0,"6":0,"7":0,"8":0,"9":0,"10":0,"11":0,"12":0,"13":0,"14":0,"15":0,"16":0,"17":0,"18":0,"19":0,"20":0,"21":0,"22":0,"23":0,"24":0,"25":0,"26":0,"27":0,"28":0,"29":0,"30":0,"31":0,"32":0,"33":0},"f":{"0":0,"1":0,"2":0,"3":0,"4":0,"5":0,"6":0},"b":{"0":[0,0],"1":[0,0],"2":[0,0],"3":[0,0],"4":[0,0],"5":[0,0],"6":[0,0],"7":[0,0],"8":[0,0],"9":[0,0],"10":[0,0]},"hash":"3d225779a04b5d860e556c06f7903957bf82da21"}
,"/Users/matthewahern/Desktop/ship-demo/src/components/accordian/accordian-item/acccordion-item-title/index.js": {"path":"/Users/matthewahern/Desktop/ship-demo/src/components/accordian/accordian-item/acccordion-item-title/index.js","statementMap":{"0":{"start":{"line":4,"column":27},"end":{"line":28,"column":1}},"1":{"start":{"line":5,"column":16},"end":{"line":8,"column":3}},"2":{"start":{"line":10,"column":2},"end":{"line":15,"column":3}},"3":{"start":{"line":11,"column":4},"end":{"line":14,"column":7}},"4":{"start":{"line":17,"column":2},"end":{"line":27,"column":4}}},"fnMap":{"0":{"name":"(anonymous_0)","decl":{"start":{"line":4,"column":27},"end":{"line":4,"column":28}},"loc":{"start":{"line":4,"column":67},"end":{"line":28,"column":1}},"line":4}},"branchMap":{"0":{"loc":{"start":{"line":10,"column":2},"end":{"line":15,"column":3}},"type":"if","locations":[{"start":{"line":10,"column":2},"end":{"line":15,"column":3}},{"start":{"line":10,"column":2},"end":{"line":15,"column":3}}],"line":10}},"s":{"0":0,"1":0,"2":0,"3":0,"4":0},"f":{"0":0},"b":{"0":[0,0]},"hash":"0596459868f2a77fed79a5ab9c669930cabffe7e"}
,"/Users/matthewahern/Desktop/ship-demo/src/components/accordian/accordian-item/accordion-item-body/index.js": {"path":"/Users/matthewahern/Desktop/ship-demo/src/components/accordian/accordian-item/accordion-item-body/index.js","statementMap":{"0":{"start":{"line":4,"column":33},"end":{"line":29,"column":1}},"1":{"start":{"line":6,"column":18},"end":{"line":11,"column":5}},"2":{"start":{"line":13,"column":4},"end":{"line":27,"column":6}}},"fnMap":{"0":{"name":"(anonymous_0)","decl":{"start":{"line":5,"column":2},"end":{"line":5,"column":3}},"loc":{"start":{"line":5,"column":71},"end":{"line":28,"column":3}},"line":5}},"branchMap":{},"s":{"0":0,"1":0,"2":0},"f":{"0":0},"b":{},"hash":"e6f653f02691e05b92852bbb566a360ec74db7e8"}
,"/Users/matthewahern/Desktop/ship-demo/src/components/alert-handler/index.js": {"path":"/Users/matthewahern/Desktop/ship-demo/src/components/alert-handler/index.js","statementMap":{"0":{"start":{"line":7,"column":15},"end":{"line":19,"column":1}},"1":{"start":{"line":12,"column":6},"end":{"line":12,"column":76}},"2":{"start":{"line":17,"column":24},"end":{"line":17,"column":31}},"3":{"start":{"line":21,"column":22},"end":{"line":30,"column":1}},"4":{"start":{"line":22,"column":2},"end":{"line":29,"column":3}},"5":{"start":{"line":24,"column":6},"end":{"line":24,"column":21}},"6":{"start":{"line":26,"column":6},"end":{"line":26,"column":20}},"7":{"start":{"line":28,"column":6},"end":{"line":28,"column":20}},"8":{"start":{"line":32,"column":18},"end":{"line":69,"column":1}},"9":{"start":{"line":38,"column":2},"end":{"line":68,"column":4}},"10":{"start":{"line":55,"column":27},"end":{"line":55,"column":54}},"11":{"start":{"line":62,"column":29},"end":{"line":62,"column":54}},"12":{"start":{"line":71,"column":21},"end":{"line":73,"column":1}},"13":{"start":{"line":72,"column":2},"end":{"line":72,"column":52}},"14":{"start":{"line":74,"column":21},"end":{"line":74,"column":79}},"15":{"start":{"line":74,"column":30},"end":{"line":74,"column":79}}},"fnMap":{"0":{"name":"(anonymous_0)","decl":{"start":{"line":11,"column":13},"end":{"line":11,"column":14}},"loc":{"start":{"line":12,"column":6},"end":{"line":12,"column":76}},"line":12},"1":{"name":"(anonymous_1)","decl":{"start":{"line":17,"column":13},"end":{"line":17,"column":14}},"loc":{"start":{"line":17,"column":24},"end":{"line":17,"column":31}},"line":17},"2":{"name":"(anonymous_2)","decl":{"start":{"line":21,"column":22},"end":{"line":21,"column":23}},"loc":{"start":{"line":21,"column":35},"end":{"line":30,"column":1}},"line":21},"3":{"name":"(anonymous_3)","decl":{"start":{"line":32,"column":18},"end":{"line":32,"column":19}},"loc":{"start":{"line":37,"column":6},"end":{"line":69,"column":1}},"line":37},"4":{"name":"(anonymous_4)","decl":{"start":{"line":55,"column":21},"end":{"line":55,"column":22}},"loc":{"start":{"line":55,"column":27},"end":{"line":55,"column":54}},"line":55},"5":{"name":"(anonymous_5)","decl":{"start":{"line":62,"column":23},"end":{"line":62,"column":24}},"loc":{"start":{"line":62,"column":29},"end":{"line":62,"column":54}},"line":62},"6":{"name":"(anonymous_6)","decl":{"start":{"line":71,"column":21},"end":{"line":71,"column":22}},"loc":{"start":{"line":72,"column":2},"end":{"line":72,"column":52}},"line":72},"7":{"name":"(anonymous_7)","decl":{"start":{"line":74,"column":21},"end":{"line":74,"column":22}},"loc":{"start":{"line":74,"column":30},"end":{"line":74,"column":79}},"line":74}},"branchMap":{"0":{"loc":{"start":{"line":22,"column":2},"end":{"line":29,"column":3}},"type":"switch","locations":[{"start":{"line":23,"column":4},"end":{"line":24,"column":21}},{"start":{"line":25,"column":4},"end":{"line":26,"column":20}},{"start":{"line":27,"column":4},"end":{"line":28,"column":20}}],"line":22},"1":{"loc":{"start":{"line":58,"column":9},"end":{"line":65,"column":9}},"type":"binary-expr","locations":[{"start":{"line":58,"column":9},"end":{"line":58,"column":67}},{"start":{"line":59,"column":10},"end":{"line":64,"column":20}}],"line":58}},"s":{"0":1,"1":2,"2":2,"3":1,"4":4,"5":2,"6":2,"7":0,"8":1,"9":4,"10":2,"11":2,"12":1,"13":2,"14":1,"15":2},"f":{"0":2,"1":2,"2":4,"3":4,"4":2,"5":2,"6":2,"7":2},"b":{"0":[2,2,0],"1":[4,4]},"_coverageSchema":"43e27e138ebf9cfc5966b082cf9a028302ed4184","hash":"f3385cf82353981c547ab0bb713a48befd5292c4"}
,"/Users/matthewahern/Desktop/ship-demo/src/components/button/index.js": {"path":"/Users/matthewahern/Desktop/ship-demo/src/components/button/index.js","statementMap":{"0":{"start":{"line":5,"column":19},"end":{"line":15,"column":1}},"1":{"start":{"line":6,"column":2},"end":{"line":14,"column":11}},"2":{"start":{"line":17,"column":23},"end":{"line":19,"column":1}},"3":{"start":{"line":18,"column":2},"end":{"line":18,"column":54}},"4":{"start":{"line":21,"column":23},"end":{"line":23,"column":1}},"5":{"start":{"line":22,"column":2},"end":{"line":22,"column":54}},"6":{"start":{"line":24,"column":23},"end":{"line":26,"column":1}},"7":{"start":{"line":25,"column":2},"end":{"line":25,"column":54}},"8":{"start":{"line":27,"column":22},"end":{"line":29,"column":1}},"9":{"start":{"line":28,"column":2},"end":{"line":28,"column":53}}},"fnMap":{"0":{"name":"(anonymous_0)","decl":{"start":{"line":5,"column":19},"end":{"line":5,"column":20}},"loc":{"start":{"line":6,"column":2},"end":{"line":14,"column":11}},"line":6},"1":{"name":"(anonymous_1)","decl":{"start":{"line":17,"column":23},"end":{"line":17,"column":24}},"loc":{"start":{"line":18,"column":2},"end":{"line":18,"column":54}},"line":18},"2":{"name":"(anonymous_2)","decl":{"start":{"line":21,"column":23},"end":{"line":21,"column":24}},"loc":{"start":{"line":22,"column":2},"end":{"line":22,"column":54}},"line":22},"3":{"name":"(anonymous_3)","decl":{"start":{"line":24,"column":23},"end":{"line":24,"column":24}},"loc":{"start":{"line":25,"column":2},"end":{"line":25,"column":54}},"line":25},"4":{"name":"(anonymous_4)","decl":{"start":{"line":27,"column":22},"end":{"line":27,"column":23}},"loc":{"start":{"line":28,"column":2},"end":{"line":28,"column":53}},"line":28}},"branchMap":{"0":{"loc":{"start":{"line":10,"column":6},"end":{"line":10,"column":39}},"type":"binary-expr","locations":[{"start":{"line":10,"column":6},"end":{"line":10,"column":23}},{"start":{"line":10,"column":27},"end":{"line":10,"column":39}}],"line":10}},"s":{"0":2,"1":14,"2":2,"3":7,"4":2,"5":5,"6":2,"7":1,"8":2,"9":1},"f":{"0":14,"1":7,"2":5,"3":1,"4":1},"b":{"0":[14,14]},"_coverageSchema":"43e27e138ebf9cfc5966b082cf9a028302ed4184","hash":"1a52c002ac41c23608ba16cdb9be1e7511e2c94b"}
,"/Users/matthewahern/Desktop/ship-demo/src/components/card/index.js": {"path":"/Users/matthewahern/Desktop/ship-demo/src/components/card/index.js","statementMap":{"0":{"start":{"line":7,"column":17},"end":{"line":13,"column":1}},"1":{"start":{"line":8,"column":2},"end":{"line":12,"column":8}},"2":{"start":{"line":15,"column":23},"end":{"line":17,"column":1}},"3":{"start":{"line":16,"column":2},"end":{"line":16,"column":50}},"4":{"start":{"line":19,"column":23},"end":{"line":21,"column":1}},"5":{"start":{"line":20,"column":2},"end":{"line":20,"column":50}},"6":{"start":{"line":22,"column":23},"end":{"line":24,"column":1}},"7":{"start":{"line":23,"column":2},"end":{"line":23,"column":50}},"8":{"start":{"line":25,"column":22},"end":{"line":25,"column":78}},"9":{"start":{"line":25,"column":31},"end":{"line":25,"column":78}}},"fnMap":{"0":{"name":"(anonymous_0)","decl":{"start":{"line":7,"column":17},"end":{"line":7,"column":18}},"loc":{"start":{"line":8,"column":2},"end":{"line":12,"column":8}},"line":8},"1":{"name":"(anonymous_1)","decl":{"start":{"line":15,"column":23},"end":{"line":15,"column":24}},"loc":{"start":{"line":16,"column":2},"end":{"line":16,"column":50}},"line":16},"2":{"name":"(anonymous_2)","decl":{"start":{"line":19,"column":23},"end":{"line":19,"column":24}},"loc":{"start":{"line":20,"column":2},"end":{"line":20,"column":50}},"line":20},"3":{"name":"(anonymous_3)","decl":{"start":{"line":22,"column":23},"end":{"line":22,"column":24}},"loc":{"start":{"line":23,"column":2},"end":{"line":23,"column":50}},"line":23},"4":{"name":"(anonymous_4)","decl":{"start":{"line":25,"column":22},"end":{"line":25,"column":23}},"loc":{"start":{"line":25,"column":31},"end":{"line":25,"column":78}},"line":25}},"branchMap":{"0":{"loc":{"start":{"line":8,"column":36},"end":{"line":8,"column":61}},"type":"binary-expr","locations":[{"start":{"line":8,"column":36},"end":{"line":8,"column":44}},{"start":{"line":8,"column":48},"end":{"line":8,"column":61}}],"line":8}},"s":{"0":2,"1":5,"2":2,"3":0,"4":2,"5":1,"6":2,"7":2,"8":2,"9":2},"f":{"0":5,"1":0,"2":1,"3":2,"4":2},"b":{"0":[5,0]},"_coverageSchema":"43e27e138ebf9cfc5966b082cf9a028302ed4184","hash":"b6becd15ac5cd720f81edee5cda1efcf618f3152"}
,"/Users/matthewahern/Desktop/ship-demo/src/components/checkbox/index.js": {"path":"/Users/matthewahern/Desktop/ship-demo/src/components/checkbox/index.js","statementMap":{"0":{"start":{"line":6,"column":17},"end":{"line":25,"column":1}},"1":{"start":{"line":7,"column":19},"end":{"line":7,"column":32}},"2":{"start":{"line":9,"column":31},"end":{"line":11,"column":3}},"3":{"start":{"line":10,"column":4},"end":{"line":10,"column":40}},"4":{"start":{"line":13,"column":2},"end":{"line":24,"column":4}}},"fnMap":{"0":{"name":"(anonymous_0)","decl":{"start":{"line":6,"column":17},"end":{"line":6,"column":18}},"loc":{"start":{"line":6,"column":38},"end":{"line":25,"column":1}},"line":6},"1":{"name":"(anonymous_1)","decl":{"start":{"line":9,"column":31},"end":{"line":9,"column":32}},"loc":{"start":{"line":9,"column":37},"end":{"line":11,"column":3}},"line":9}},"branchMap":{},"s":{"0":0,"1":0,"2":0,"3":0,"4":0},"f":{"0":0,"1":0},"b":{},"hash":"dab7beb900465249fde0843b8e9b558b0f6a5631"}
,"/Users/matthewahern/Desktop/ship-demo/src/components/icons/index.js": {"path":"/Users/matthewahern/Desktop/ship-demo/src/components/icons/index.js","statementMap":{},"fnMap":{},"branchMap":{},"s":{},"f":{},"b":{},"_coverageSchema":"43e27e138ebf9cfc5966b082cf9a028302ed4184","hash":"37a960375db5868f61d6d4c7cee4d69e75470508"}
,"/Users/matthewahern/Desktop/ship-demo/src/components/icons/pencil.js": {"path":"/Users/matthewahern/Desktop/ship-demo/src/components/icons/pencil.js","statementMap":{"0":{"start":{"line":5,"column":21},"end":{"line":5,"column":35}},"1":{"start":{"line":8,"column":2},"end":{"line":38,"column":4}}},"fnMap":{"0":{"name":"PencilIcon","decl":{"start":{"line":7,"column":9},"end":{"line":7,"column":19}},"loc":{"start":{"line":7,"column":49},"end":{"line":39,"column":1}},"line":7}},"branchMap":{"0":{"loc":{"start":{"line":34,"column":16},"end":{"line":34,"column":55}},"type":"binary-expr","locations":[{"start":{"line":34,"column":17},"end":{"line":34,"column":25}},{"start":{"line":34,"column":29},"end":{"line":34,"column":41}},{"start":{"line":34,"column":46},"end":{"line":34,"column":55}}],"line":34}},"s":{"0":1,"1":0},"f":{"0":0},"b":{"0":[0,0,0]},"_coverageSchema":"43e27e138ebf9cfc5966b082cf9a028302ed4184","hash":"c0b3c049f612224d194221782cb9e8a861f9aec8"}
,"/Users/matthewahern/Desktop/ship-demo/src/components/icons/trash.js": {"path":"/Users/matthewahern/Desktop/ship-demo/src/components/icons/trash.js","statementMap":{"0":{"start":{"line":5,"column":21},"end":{"line":5,"column":35}},"1":{"start":{"line":8,"column":2},"end":{"line":105,"column":4}}},"fnMap":{"0":{"name":"TrashIcon","decl":{"start":{"line":7,"column":9},"end":{"line":7,"column":18}},"loc":{"start":{"line":7,"column":48},"end":{"line":106,"column":1}},"line":7}},"branchMap":{"0":{"loc":{"start":{"line":81,"column":16},"end":{"line":81,"column":61}},"type":"binary-expr","locations":[{"start":{"line":81,"column":17},"end":{"line":81,"column":25}},{"start":{"line":81,"column":29},"end":{"line":81,"column":41}},{"start":{"line":81,"column":46},"end":{"line":81,"column":61}}],"line":81},"1":{"loc":{"start":{"line":85,"column":16},"end":{"line":85,"column":61}},"type":"binary-expr","locations":[{"start":{"line":85,"column":17},"end":{"line":85,"column":25}},{"start":{"line":85,"column":29},"end":{"line":85,"column":41}},{"start":{"line":85,"column":46},"end":{"line":85,"column":61}}],"line":85},"2":{"loc":{"start":{"line":89,"column":16},"end":{"line":89,"column":61}},"type":"binary-expr","locations":[{"start":{"line":89,"column":17},"end":{"line":89,"column":25}},{"start":{"line":89,"column":29},"end":{"line":89,"column":41}},{"start":{"line":89,"column":46},"end":{"line":89,"column":61}}],"line":89},"3":{"loc":{"start":{"line":93,"column":16},"end":{"line":93,"column":61}},"type":"binary-expr","locations":[{"start":{"line":93,"column":17},"end":{"line":93,"column":25}},{"start":{"line":93,"column":29},"end":{"line":93,"column":41}},{"start":{"line":93,"column":46},"end":{"line":93,"column":61}}],"line":93},"4":{"loc":{"start":{"line":97,"column":16},"end":{"line":97,"column":61}},"type":"binary-expr","locations":[{"start":{"line":97,"column":17},"end":{"line":97,"column":25}},{"start":{"line":97,"column":29},"end":{"line":97,"column":41}},{"start":{"line":97,"column":46},"end":{"line":97,"column":61}}],"line":97},"5":{"loc":{"start":{"line":101,"column":16},"end":{"line":101,"column":61}},"type":"binary-expr","locations":[{"start":{"line":101,"column":17},"end":{"line":101,"column":25}},{"start":{"line":101,"column":29},"end":{"line":101,"column":41}},{"start":{"line":101,"column":46},"end":{"line":101,"column":61}}],"line":101}},"s":{"0":1,"1":1},"f":{"0":1},"b":{"0":[1,0,1],"1":[1,0,1],"2":[1,0,1],"3":[1,0,1],"4":[1,0,1],"5":[1,0,1]},"_coverageSchema":"43e27e138ebf9cfc5966b082cf9a028302ed4184","hash":"252626d550bf7d78afea6eb83bb7aaaefe75632e"}
,"/Users/matthewahern/Desktop/ship-demo/src/components/route-planner/index.js": {"path":"/Users/matthewahern/Desktop/ship-demo/src/components/route-planner/index.js","statementMap":{"0":{"start":{"line":7,"column":19},"end":{"line":10,"column":1}},"1":{"start":{"line":12,"column":21},"end":{"line":24,"column":1}},"2":{"start":{"line":13,"column":2},"end":{"line":23,"column":4}}},"fnMap":{"0":{"name":"(anonymous_0)","decl":{"start":{"line":12,"column":21},"end":{"line":12,"column":22}},"loc":{"start":{"line":12,"column":27},"end":{"line":24,"column":1}},"line":12}},"branchMap":{},"s":{"0":0,"1":0,"2":0},"f":{"0":0},"b":{},"hash":"5a2a4c9c61b58313dff51e35180edb8fa6121dc1"}
,"/Users/matthewahern/Desktop/ship-demo/src/components/route-planner/create-stop/index.js": {"path":"/Users/matthewahern/Desktop/ship-demo/src/components/route-planner/create-stop/index.js","statementMap":{"0":{"start":{"line":9,"column":16},"end":{"line":28,"column":1}},"1":{"start":{"line":10,"column":36},"end":{"line":10,"column":52}},"2":{"start":{"line":11,"column":19},"end":{"line":18,"column":3}},"3":{"start":{"line":12,"column":21},"end":{"line":15,"column":5}},"4":{"start":{"line":17,"column":4},"end":{"line":17,"column":27}},"5":{"start":{"line":20,"column":20},"end":{"line":22,"column":3}},"6":{"start":{"line":21,"column":4},"end":{"line":21,"column":25}},"7":{"start":{"line":23,"column":2},"end":{"line":27,"column":4}},"8":{"start":{"line":30,"column":19},"end":{"line":137,"column":1}},"9":{"start":{"line":31,"column":42},"end":{"line":31,"column":57}},"10":{"start":{"line":32,"column":36},"end":{"line":32,"column":51}},"11":{"start":{"line":33,"column":40},"end":{"line":36,"column":4}},"12":{"start":{"line":37,"column":56},"end":{"line":43,"column":18}},"13":{"start":{"line":38,"column":4},"end":{"line":42,"column":6}},"14":{"start":{"line":44,"column":19},"end":{"line":44,"column":32}},"15":{"start":{"line":46,"column":28},"end":{"line":46,"column":32}},"16":{"start":{"line":48,"column":23},"end":{"line":65,"column":3}},"17":{"start":{"line":49,"column":16},"end":{"line":49,"column":20}},"18":{"start":{"line":50,"column":4},"end":{"line":55,"column":5}},"19":{"start":{"line":51,"column":6},"end":{"line":51,"column":28}},"20":{"start":{"line":52,"column":6},"end":{"line":52,"column":20}},"21":{"start":{"line":54,"column":6},"end":{"line":54,"column":29}},"22":{"start":{"line":57,"column":4},"end":{"line":62,"column":5}},"23":{"start":{"line":58,"column":6},"end":{"line":58,"column":25}},"24":{"start":{"line":59,"column":6},"end":{"line":59,"column":20}},"25":{"start":{"line":61,"column":6},"end":{"line":61,"column":26}},"26":{"start":{"line":64,"column":4},"end":{"line":64,"column":17}},"27":{"start":{"line":67,"column":24},"end":{"line":72,"column":3}},"28":{"start":{"line":68,"column":4},"end":{"line":68,"column":31}},"29":{"start":{"line":68,"column":24},"end":{"line":68,"column":31}},"30":{"start":{"line":69,"column":24},"end":{"line":69,"column":51}},"31":{"start":{"line":70,"column":4},"end":{"line":70,"column":29}},"32":{"start":{"line":70,"column":22},"end":{"line":70,"column":29}},"33":{"start":{"line":71,"column":4},"end":{"line":71,"column":44}},"34":{"start":{"line":74,"column":2},"end":{"line":79,"column":20}},"35":{"start":{"line":75,"column":4},"end":{"line":78,"column":5}},"36":{"start":{"line":76,"column":6},"end":{"line":76,"column":18}},"37":{"start":{"line":77,"column":6},"end":{"line":77,"column":38}},"38":{"start":{"line":81,"column":25},"end":{"line":81,"column":55}},"39":{"start":{"line":83,"column":2},"end":{"line":136,"column":4}}},"fnMap":{"0":{"name":"(anonymous_0)","decl":{"start":{"line":9,"column":16},"end":{"line":9,"column":17}},"loc":{"start":{"line":9,"column":33},"end":{"line":28,"column":1}},"line":9},"1":{"name":"(anonymous_1)","decl":{"start":{"line":11,"column":19},"end":{"line":11,"column":20}},"loc":{"start":{"line":11,"column":24},"end":{"line":18,"column":3}},"line":11},"2":{"name":"(anonymous_2)","decl":{"start":{"line":20,"column":20},"end":{"line":20,"column":21}},"loc":{"start":{"line":20,"column":26},"end":{"line":22,"column":3}},"line":20},"3":{"name":"(anonymous_3)","decl":{"start":{"line":30,"column":19},"end":{"line":30,"column":20}},"loc":{"start":{"line":30,"column":25},"end":{"line":137,"column":1}},"line":30},"4":{"name":"(anonymous_4)","decl":{"start":{"line":37,"column":68},"end":{"line":37,"column":69}},"loc":{"start":{"line":37,"column":77},"end":{"line":43,"column":3}},"line":37},"5":{"name":"(anonymous_5)","decl":{"start":{"line":48,"column":23},"end":{"line":48,"column":24}},"loc":{"start":{"line":48,"column":42},"end":{"line":65,"column":3}},"line":48},"6":{"name":"(anonymous_6)","decl":{"start":{"line":67,"column":24},"end":{"line":67,"column":25}},"loc":{"start":{"line":67,"column":30},"end":{"line":72,"column":3}},"line":67},"7":{"name":"(anonymous_7)","decl":{"start":{"line":74,"column":12},"end":{"line":74,"column":13}},"loc":{"start":{"line":74,"column":18},"end":{"line":79,"column":3}},"line":74}},"branchMap":{"0":{"loc":{"start":{"line":9,"column":17},"end":{"line":9,"column":28}},"type":"default-arg","locations":[{"start":{"line":9,"column":26},"end":{"line":9,"column":28}}],"line":9},"1":{"loc":{"start":{"line":39,"column":20},"end":{"line":39,"column":46}},"type":"binary-expr","locations":[{"start":{"line":39,"column":20},"end":{"line":39,"column":31}},{"start":{"line":39,"column":35},"end":{"line":39,"column":46}}],"line":39},"2":{"loc":{"start":{"line":50,"column":4},"end":{"line":55,"column":5}},"type":"if","locations":[{"start":{"line":50,"column":4},"end":{"line":55,"column":5}},{"start":{"line":50,"column":4},"end":{"line":55,"column":5}}],"line":50},"3":{"loc":{"start":{"line":57,"column":4},"end":{"line":62,"column":5}},"type":"if","locations":[{"start":{"line":57,"column":4},"end":{"line":62,"column":5}},{"start":{"line":57,"column":4},"end":{"line":62,"column":5}}],"line":57},"4":{"loc":{"start":{"line":68,"column":4},"end":{"line":68,"column":31}},"type":"if","locations":[{"start":{"line":68,"column":4},"end":{"line":68,"column":31}},{"start":{"line":68,"column":4},"end":{"line":68,"column":31}}],"line":68},"5":{"loc":{"start":{"line":70,"column":4},"end":{"line":70,"column":29}},"type":"if","locations":[{"start":{"line":70,"column":4},"end":{"line":70,"column":29}},{"start":{"line":70,"column":4},"end":{"line":70,"column":29}}],"line":70},"6":{"loc":{"start":{"line":75,"column":4},"end":{"line":78,"column":5}},"type":"if","locations":[{"start":{"line":75,"column":4},"end":{"line":78,"column":5}},{"start":{"line":75,"column":4},"end":{"line":78,"column":5}}],"line":75},"7":{"loc":{"start":{"line":81,"column":25},"end":{"line":81,"column":55}},"type":"binary-expr","locations":[{"start":{"line":81,"column":25},"end":{"line":81,"column":37}},{"start":{"line":81,"column":41},"end":{"line":81,"column":55}}],"line":81},"8":{"loc":{"start":{"line":103,"column":9},"end":{"line":103,"column":45}},"type":"binary-expr","locations":[{"start":{"line":103,"column":9},"end":{"line":103,"column":18}},{"start":{"line":103,"column":22},"end":{"line":103,"column":45}}],"line":103},"9":{"loc":{"start":{"line":115,"column":9},"end":{"line":115,"column":71}},"type":"binary-expr","locations":[{"start":{"line":115,"column":9},"end":{"line":115,"column":21}},{"start":{"line":115,"column":25},"end":{"line":115,"column":71}}],"line":115},"10":{"loc":{"start":{"line":129,"column":18},"end":{"line":129,"column":61}},"type":"cond-expr","locations":[{"start":{"line":129,"column":35},"end":{"line":129,"column":50}},{"start":{"line":129,"column":53},"end":{"line":129,"column":61}}],"line":129}},"s":{"0":0,"1":0,"2":0,"3":0,"4":0,"5":0,"6":0,"7":0,"8":0,"9":0,"10":0,"11":0,"12":0,"13":0,"14":0,"15":0,"16":0,"17":0,"18":0,"19":0,"20":0,"21":0,"22":0,"23":0,"24":0,"25":0,"26":0,"27":0,"28":0,"29":0,"30":0,"31":0,"32":0,"33":0,"34":0,"35":0,"36":0,"37":0,"38":0,"39":0},"f":{"0":0,"1":0,"2":0,"3":0,"4":0,"5":0,"6":0,"7":0},"b":{"0":[0],"1":[0,0],"2":[0,0],"3":[0,0],"4":[0,0],"5":[0,0],"6":[0,0],"7":[0,0],"8":[0,0],"9":[0,0],"10":[0,0]},"hash":"c6fe44e07d40513a6f600fb91e574afbe4b00bca"}
,"/Users/matthewahern/Desktop/ship-demo/src/components/route-planner/stops-editor/index.js": {"path":"/Users/matthewahern/Desktop/ship-demo/src/components/route-planner/stops-editor/index.js","statementMap":{"0":{"start":{"line":12,"column":20},"end":{"line":99,"column":1}},"1":{"start":{"line":13,"column":57},"end":{"line":22,"column":18}},"2":{"start":{"line":14,"column":59},"end":{"line":14,"column":64}},"3":{"start":{"line":15,"column":4},"end":{"line":21,"column":6}},"4":{"start":{"line":23,"column":19},"end":{"line":23,"column":32}},"5":{"start":{"line":24,"column":31},"end":{"line":24,"column":57}},"6":{"start":{"line":26,"column":2},"end":{"line":36,"column":22}},"7":{"start":{"line":27,"column":4},"end":{"line":35,"column":5}},"8":{"start":{"line":28,"column":6},"end":{"line":34,"column":14}},"9":{"start":{"line":29,"column":8},"end":{"line":33,"column":11}},"10":{"start":{"line":37,"column":21},"end":{"line":39,"column":4}},"11":{"start":{"line":38,"column":4},"end":{"line":38,"column":33}},"12":{"start":{"line":41,"column":18},"end":{"line":43,"column":4}},"13":{"start":{"line":42,"column":4},"end":{"line":42,"column":33}},"14":{"start":{"line":45,"column":20},"end":{"line":47,"column":4}},"15":{"start":{"line":46,"column":4},"end":{"line":46,"column":29}},"16":{"start":{"line":49,"column":24},"end":{"line":51,"column":3}},"17":{"start":{"line":50,"column":4},"end":{"line":50,"column":35}},"18":{"start":{"line":52,"column":2},"end":{"line":98,"column":4}},"19":{"start":{"line":67,"column":10},"end":{"line":94,"column":12}}},"fnMap":{"0":{"name":"(anonymous_0)","decl":{"start":{"line":12,"column":20},"end":{"line":12,"column":21}},"loc":{"start":{"line":12,"column":26},"end":{"line":99,"column":1}},"line":12},"1":{"name":"(anonymous_1)","decl":{"start":{"line":13,"column":69},"end":{"line":13,"column":70}},"loc":{"start":{"line":13,"column":78},"end":{"line":22,"column":3}},"line":13},"2":{"name":"(anonymous_2)","decl":{"start":{"line":26,"column":12},"end":{"line":26,"column":13}},"loc":{"start":{"line":26,"column":18},"end":{"line":36,"column":3}},"line":26},"3":{"name":"(anonymous_3)","decl":{"start":{"line":28,"column":17},"end":{"line":28,"column":18}},"loc":{"start":{"line":28,"column":23},"end":{"line":34,"column":7}},"line":28},"4":{"name":"(anonymous_4)","decl":{"start":{"line":37,"column":33},"end":{"line":37,"column":34}},"loc":{"start":{"line":37,"column":39},"end":{"line":39,"column":3}},"line":37},"5":{"name":"(anonymous_5)","decl":{"start":{"line":41,"column":30},"end":{"line":41,"column":31}},"loc":{"start":{"line":41,"column":36},"end":{"line":43,"column":3}},"line":41},"6":{"name":"(anonymous_6)","decl":{"start":{"line":45,"column":32},"end":{"line":45,"column":33}},"loc":{"start":{"line":45,"column":38},"end":{"line":47,"column":3}},"line":45},"7":{"name":"(anonymous_7)","decl":{"start":{"line":49,"column":24},"end":{"line":49,"column":25}},"loc":{"start":{"line":49,"column":30},"end":{"line":51,"column":3}},"line":49},"8":{"name":"(anonymous_8)","decl":{"start":{"line":66,"column":20},"end":{"line":66,"column":21}},"loc":{"start":{"line":66,"column":39},"end":{"line":95,"column":9}},"line":66}},"branchMap":{"0":{"loc":{"start":{"line":27,"column":4},"end":{"line":35,"column":5}},"type":"if","locations":[{"start":{"line":27,"column":4},"end":{"line":35,"column":5}},{"start":{"line":27,"column":4},"end":{"line":35,"column":5}}],"line":27},"1":{"loc":{"start":{"line":60,"column":7},"end":{"line":64,"column":7}},"type":"binary-expr","locations":[{"start":{"line":60,"column":7},"end":{"line":60,"column":21}},{"start":{"line":61,"column":8},"end":{"line":63,"column":18}}],"line":60}},"s":{"0":0,"1":0,"2":0,"3":0,"4":0,"5":0,"6":0,"7":0,"8":0,"9":0,"10":0,"11":0,"12":0,"13":0,"14":0,"15":0,"16":0,"17":0,"18":0,"19":0},"f":{"0":0,"1":0,"2":0,"3":0,"4":0,"5":0,"6":0,"7":0,"8":0},"b":{"0":[0,0],"1":[0,0]},"hash":"9ef62e40d0104cb9045b3a2121bb15631ff9b695"}
,"/Users/matthewahern/Desktop/ship-demo/src/components/route-planner/stops-editor/stops-item/index.js": {"path":"/Users/matthewahern/Desktop/ship-demo/src/components/route-planner/stops-editor/stops-item/index.js","statementMap":{"0":{"start":{"line":6,"column":18},"end":{"line":6,"column":40}},"1":{"start":{"line":8,"column":18},"end":{"line":54,"column":1}},"2":{"start":{"line":9,"column":39},"end":{"line":9,"column":43}},"3":{"start":{"line":11,"column":18},"end":{"line":16,"column":3}},"4":{"start":{"line":18,"column":2},"end":{"line":53,"column":4}},"5":{"start":{"line":27,"column":27},"end":{"line":27,"column":42}},"6":{"start":{"line":34,"column":27},"end":{"line":34,"column":44}}},"fnMap":{"0":{"name":"(anonymous_0)","decl":{"start":{"line":8,"column":18},"end":{"line":8,"column":19}},"loc":{"start":{"line":8,"column":72},"end":{"line":54,"column":1}},"line":8},"1":{"name":"(anonymous_1)","decl":{"start":{"line":27,"column":21},"end":{"line":27,"column":22}},"loc":{"start":{"line":27,"column":27},"end":{"line":27,"column":42}},"line":27},"2":{"name":"(anonymous_2)","decl":{"start":{"line":34,"column":21},"end":{"line":34,"column":22}},"loc":{"start":{"line":34,"column":27},"end":{"line":34,"column":44}},"line":34}},"branchMap":{"0":{"loc":{"start":{"line":15,"column":23},"end":{"line":15,"column":58}},"type":"cond-expr","locations":[{"start":{"line":15,"column":35},"end":{"line":15,"column":49}},{"start":{"line":15,"column":52},"end":{"line":15,"column":58}}],"line":15}},"s":{"0":0,"1":0,"2":0,"3":0,"4":0,"5":0,"6":0},"f":{"0":0,"1":0,"2":0},"b":{"0":[0,0]},"hash":"e64e8d63ca74b4ec4a0b0c2eed8421d5cfeccddb"}
,"/Users/matthewahern/Desktop/ship-demo/src/components/text-input/index.js": {"path":"/Users/matthewahern/Desktop/ship-demo/src/components/text-input/index.js","statementMap":{"0":{"start":{"line":4,"column":18},"end":{"line":25,"column":1}},"1":{"start":{"line":5,"column":30},"end":{"line":5,"column":45}},"2":{"start":{"line":6,"column":57},"end":{"line":6,"column":62}},"3":{"start":{"line":7,"column":25},"end":{"line":7,"column":65}},"4":{"start":{"line":8,"column":2},"end":{"line":24,"column":4}},"5":{"start":{"line":18,"column":23},"end":{"line":18,"column":38}},"6":{"start":{"line":19,"column":22},"end":{"line":19,"column":38}}},"fnMap":{"0":{"name":"(anonymous_0)","decl":{"start":{"line":4,"column":18},"end":{"line":4,"column":19}},"loc":{"start":{"line":4,"column":27},"end":{"line":25,"column":1}},"line":4},"1":{"name":"(anonymous_1)","decl":{"start":{"line":18,"column":17},"end":{"line":18,"column":18}},"loc":{"start":{"line":18,"column":23},"end":{"line":18,"column":38}},"line":18},"2":{"name":"(anonymous_2)","decl":{"start":{"line":19,"column":16},"end":{"line":19,"column":17}},"loc":{"start":{"line":19,"column":22},"end":{"line":19,"column":38}},"line":19}},"branchMap":{"0":{"loc":{"start":{"line":7,"column":34},"end":{"line":7,"column":63}},"type":"binary-expr","locations":[{"start":{"line":7,"column":35},"end":{"line":7,"column":41}},{"start":{"line":7,"column":45},"end":{"line":7,"column":50}},{"start":{"line":7,"column":55},"end":{"line":7,"column":63}}],"line":7}},"s":{"0":1,"1":0,"2":0,"3":0,"4":0,"5":0,"6":0},"f":{"0":0,"1":0,"2":0},"b":{"0":[0,0,0]},"_coverageSchema":"43e27e138ebf9cfc5966b082cf9a028302ed4184","hash":"15a1806f0f9c514a3c19ebe1769922efcbfabfef"}
,"/Users/matthewahern/Desktop/ship-demo/src/components/wrapper/index.js": {"path":"/Users/matthewahern/Desktop/ship-demo/src/components/wrapper/index.js","statementMap":{"0":{"start":{"line":5,"column":17},"end":{"line":10,"column":1}},"1":{"start":{"line":12,"column":16},"end":{"line":23,"column":1}},"2":{"start":{"line":13,"column":2},"end":{"line":22,"column":8}}},"fnMap":{"0":{"name":"(anonymous_0)","decl":{"start":{"line":12,"column":16},"end":{"line":12,"column":17}},"loc":{"start":{"line":13,"column":2},"end":{"line":22,"column":8}},"line":13},"1":{"name":"(anonymous_1)","decl":{"start":{"line":15,"column":46},"end":{"line":15,"column":47}},"loc":{"start":{"line":15,"column":52},"end":{"line":15,"column":54}},"line":15}},"branchMap":{"0":{"loc":{"start":{"line":14,"column":15},"end":{"line":14,"column":70}},"type":"cond-expr","locations":[{"start":{"line":14,"column":29},"end":{"line":14,"column":58}},{"start":{"line":14,"column":61},"end":{"line":14,"column":70}}],"line":14},"1":{"loc":{"start":{"line":15,"column":13},"end":{"line":15,"column":54}},"type":"cond-expr","locations":[{"start":{"line":15,"column":36},"end":{"line":15,"column":43}},{"start":{"line":15,"column":46},"end":{"line":15,"column":54}}],"line":15},"2":{"loc":{"start":{"line":15,"column":13},"end":{"line":15,"column":33}},"type":"binary-expr","locations":[{"start":{"line":15,"column":13},"end":{"line":15,"column":22}},{"start":{"line":15,"column":26},"end":{"line":15,"column":33}}],"line":15}},"s":{"0":4,"1":4,"2":26},"f":{"0":26,"1":16},"b":{"0":[0,26],"1":[1,25],"2":[26,26]},"_coverageSchema":"43e27e138ebf9cfc5966b082cf9a028302ed4184","hash":"4f4ed5507634345fbc6d23d727c1f2e2ee0a5603"}
,"/Users/matthewahern/Desktop/ship-demo/src/consts/index.js": {"path":"/Users/matthewahern/Desktop/ship-demo/src/consts/index.js","statementMap":{"0":{"start":{"line":1,"column":21},"end":{"line":5,"column":1}},"1":{"start":{"line":7,"column":21},"end":{"line":12,"column":1}},"2":{"start":{"line":14,"column":30},"end":{"line":14,"column":51}}},"fnMap":{},"branchMap":{},"s":{"0":4,"1":4,"2":4},"f":{},"b":{},"_coverageSchema":"43e27e138ebf9cfc5966b082cf9a028302ed4184","hash":"6d333c2049fe9728bd3af4c3b13d1e75a765e35d"}
,"/Users/matthewahern/Desktop/ship-demo/src/ducks/actions/index.js": {"path":"/Users/matthewahern/Desktop/ship-demo/src/ducks/actions/index.js","statementMap":{"0":{"start":{"line":3,"column":26},"end":{"line":6,"column":2}},"1":{"start":{"line":3,"column":33},"end":{"line":6,"column":1}},"2":{"start":{"line":8,"column":26},"end":{"line":13,"column":2}},"3":{"start":{"line":8,"column":63},"end":{"line":13,"column":1}},"4":{"start":{"line":15,"column":30},"end":{"line":19,"column":2}},"5":{"start":{"line":15,"column":50},"end":{"line":19,"column":1}},"6":{"start":{"line":21,"column":26},"end":{"line":26,"column":2}},"7":{"start":{"line":21,"column":63},"end":{"line":26,"column":1}},"8":{"start":{"line":28,"column":30},"end":{"line":31,"column":2}},"9":{"start":{"line":28,"column":39},"end":{"line":31,"column":1}},"10":{"start":{"line":33,"column":30},"end":{"line":36,"column":2}},"11":{"start":{"line":33,"column":37},"end":{"line":36,"column":1}},"12":{"start":{"line":38,"column":35},"end":{"line":41,"column":2}},"13":{"start":{"line":38,"column":44},"end":{"line":41,"column":1}},"14":{"start":{"line":43,"column":36},"end":{"line":46,"column":2}},"15":{"start":{"line":43,"column":45},"end":{"line":46,"column":1}},"16":{"start":{"line":48,"column":30},"end":{"line":51,"column":2}},"17":{"start":{"line":48,"column":39},"end":{"line":51,"column":1}}},"fnMap":{"0":{"name":"(anonymous_0)","decl":{"start":{"line":3,"column":26},"end":{"line":3,"column":27}},"loc":{"start":{"line":3,"column":33},"end":{"line":6,"column":1}},"line":3},"1":{"name":"(anonymous_1)","decl":{"start":{"line":8,"column":26},"end":{"line":8,"column":27}},"loc":{"start":{"line":8,"column":63},"end":{"line":13,"column":1}},"line":8},"2":{"name":"(anonymous_2)","decl":{"start":{"line":15,"column":30},"end":{"line":15,"column":31}},"loc":{"start":{"line":15,"column":50},"end":{"line":19,"column":1}},"line":15},"3":{"name":"(anonymous_3)","decl":{"start":{"line":21,"column":26},"end":{"line":21,"column":27}},"loc":{"start":{"line":21,"column":63},"end":{"line":26,"column":1}},"line":21},"4":{"name":"(anonymous_4)","decl":{"start":{"line":28,"column":30},"end":{"line":28,"column":31}},"loc":{"start":{"line":28,"column":39},"end":{"line":31,"column":1}},"line":28},"5":{"name":"(anonymous_5)","decl":{"start":{"line":33,"column":30},"end":{"line":33,"column":31}},"loc":{"start":{"line":33,"column":37},"end":{"line":36,"column":1}},"line":33},"6":{"name":"(anonymous_6)","decl":{"start":{"line":38,"column":35},"end":{"line":38,"column":36}},"loc":{"start":{"line":38,"column":44},"end":{"line":41,"column":1}},"line":38},"7":{"name":"(anonymous_7)","decl":{"start":{"line":43,"column":36},"end":{"line":43,"column":37}},"loc":{"start":{"line":43,"column":45},"end":{"line":46,"column":1}},"line":43},"8":{"name":"(anonymous_8)","decl":{"start":{"line":48,"column":30},"end":{"line":48,"column":31}},"loc":{"start":{"line":48,"column":39},"end":{"line":51,"column":1}},"line":48}},"branchMap":{},"s":{"0":1,"1":0,"2":1,"3":0,"4":1,"5":0,"6":1,"7":0,"8":1,"9":0,"10":1,"11":0,"12":1,"13":0,"14":1,"15":0,"16":1,"17":0},"f":{"0":0,"1":0,"2":0,"3":0,"4":0,"5":0,"6":0,"7":0,"8":0},"b":{},"_coverageSchema":"43e27e138ebf9cfc5966b082cf9a028302ed4184","hash":"a8239207943f046ea0af04fa73130675746ae726"}
,"/Users/matthewahern/Desktop/ship-demo/src/ducks/reducers/index.js": {"path":"/Users/matthewahern/Desktop/ship-demo/src/ducks/reducers/index.js","statementMap":{"0":{"start":{"line":4,"column":21},"end":{"line":12,"column":1}},"1":{"start":{"line":14,"column":18},"end":{"line":17,"column":2}},"2":{"start":{"line":14,"column":52},"end":{"line":17,"column":1}},"3":{"start":{"line":19,"column":30},"end":{"line":22,"column":4}},"4":{"start":{"line":20,"column":2},"end":{"line":22,"column":4}},"5":{"start":{"line":24,"column":24},"end":{"line":30,"column":1}},"6":{"start":{"line":25,"column":19},"end":{"line":28,"column":4}},"7":{"start":{"line":29,"column":2},"end":{"line":29,"column":18}},"8":{"start":{"line":32,"column":20},"end":{"line":46,"column":1}},"9":{"start":{"line":33,"column":20},"end":{"line":33,"column":28}},"10":{"start":{"line":34,"column":24},"end":{"line":34,"column":56}},"11":{"start":{"line":35,"column":19},"end":{"line":44,"column":4}},"12":{"start":{"line":45,"column":2},"end":{"line":45,"column":18}},"13":{"start":{"line":48,"column":20},"end":{"line":60,"column":1}},"14":{"start":{"line":49,"column":24},"end":{"line":49,"column":66}},"15":{"start":{"line":51,"column":19},"end":{"line":58,"column":4}},"16":{"start":{"line":59,"column":2},"end":{"line":59,"column":18}},"17":{"start":{"line":62,"column":20},"end":{"line":74,"column":1}},"18":{"start":{"line":63,"column":39},"end":{"line":63,"column":50}},"19":{"start":{"line":64,"column":24},"end":{"line":64,"column":79}},"20":{"start":{"line":66,"column":19},"end":{"line":72,"column":4}},"21":{"start":{"line":68,"column":41},"end":{"line":68,"column":53}},"22":{"start":{"line":73,"column":2},"end":{"line":73,"column":18}},"23":{"start":{"line":76,"column":26},"end":{"line":83,"column":1}},"24":{"start":{"line":77,"column":19},"end":{"line":81,"column":4}},"25":{"start":{"line":82,"column":2},"end":{"line":82,"column":18}},"26":{"start":{"line":85,"column":24},"end":{"line":86,"column":41}},"27":{"start":{"line":86,"column":2},"end":{"line":86,"column":41}},"28":{"start":{"line":88,"column":16},"end":{"line":107,"column":1}},"29":{"start":{"line":89,"column":2},"end":{"line":106,"column":3}},"30":{"start":{"line":91,"column":6},"end":{"line":91,"column":44}},"31":{"start":{"line":93,"column":6},"end":{"line":93,"column":46}},"32":{"start":{"line":95,"column":6},"end":{"line":95,"column":40}},"33":{"start":{"line":97,"column":6},"end":{"line":97,"column":40}},"34":{"start":{"line":99,"column":6},"end":{"line":99,"column":40}},"35":{"start":{"line":101,"column":6},"end":{"line":101,"column":50}},"36":{"start":{"line":103,"column":6},"end":{"line":103,"column":44}},"37":{"start":{"line":105,"column":6},"end":{"line":105,"column":19}}},"fnMap":{"0":{"name":"(anonymous_0)","decl":{"start":{"line":14,"column":18},"end":{"line":14,"column":19}},"loc":{"start":{"line":14,"column":52},"end":{"line":17,"column":1}},"line":14},"1":{"name":"(anonymous_1)","decl":{"start":{"line":19,"column":30},"end":{"line":19,"column":31}},"loc":{"start":{"line":20,"column":2},"end":{"line":22,"column":4}},"line":20},"2":{"name":"(anonymous_2)","decl":{"start":{"line":24,"column":24},"end":{"line":24,"column":25}},"loc":{"start":{"line":24,"column":43},"end":{"line":30,"column":1}},"line":24},"3":{"name":"(anonymous_3)","decl":{"start":{"line":32,"column":20},"end":{"line":32,"column":21}},"loc":{"start":{"line":32,"column":55},"end":{"line":46,"column":1}},"line":32},"4":{"name":"(anonymous_4)","decl":{"start":{"line":48,"column":20},"end":{"line":48,"column":21}},"loc":{"start":{"line":48,"column":55},"end":{"line":60,"column":1}},"line":48},"5":{"name":"(anonymous_5)","decl":{"start":{"line":62,"column":20},"end":{"line":62,"column":21}},"loc":{"start":{"line":62,"column":39},"end":{"line":74,"column":1}},"line":62},"6":{"name":"(anonymous_6)","decl":{"start":{"line":68,"column":32},"end":{"line":68,"column":33}},"loc":{"start":{"line":68,"column":41},"end":{"line":68,"column":53}},"line":68},"7":{"name":"(anonymous_7)","decl":{"start":{"line":76,"column":26},"end":{"line":76,"column":27}},"loc":{"start":{"line":76,"column":47},"end":{"line":83,"column":1}},"line":76},"8":{"name":"(anonymous_8)","decl":{"start":{"line":85,"column":24},"end":{"line":85,"column":25}},"loc":{"start":{"line":86,"column":2},"end":{"line":86,"column":41}},"line":86},"9":{"name":"(anonymous_9)","decl":{"start":{"line":88,"column":16},"end":{"line":88,"column":17}},"loc":{"start":{"line":88,"column":50},"end":{"line":107,"column":1}},"line":88}},"branchMap":{"0":{"loc":{"start":{"line":34,"column":24},"end":{"line":34,"column":56}},"type":"cond-expr","locations":[{"start":{"line":34,"column":40},"end":{"line":34,"column":44}},{"start":{"line":34,"column":47},"end":{"line":34,"column":56}}],"line":34},"1":{"loc":{"start":{"line":49,"column":24},"end":{"line":49,"column":66}},"type":"cond-expr","locations":[{"start":{"line":49,"column":40},"end":{"line":49,"column":44}},{"start":{"line":49,"column":47},"end":{"line":49,"column":66}}],"line":49},"2":{"loc":{"start":{"line":64,"column":24},"end":{"line":64,"column":79}},"type":"cond-expr","locations":[{"start":{"line":64,"column":53},"end":{"line":64,"column":57}},{"start":{"line":64,"column":60},"end":{"line":64,"column":79}}],"line":64},"3":{"loc":{"start":{"line":88,"column":17},"end":{"line":88,"column":37}},"type":"default-arg","locations":[{"start":{"line":88,"column":25},"end":{"line":88,"column":37}}],"line":88},"4":{"loc":{"start":{"line":89,"column":2},"end":{"line":106,"column":3}},"type":"switch","locations":[{"start":{"line":90,"column":4},"end":{"line":91,"column":44}},{"start":{"line":92,"column":4},"end":{"line":93,"column":46}},{"start":{"line":94,"column":4},"end":{"line":95,"column":40}},{"start":{"line":96,"column":4},"end":{"line":97,"column":40}},{"start":{"line":98,"column":4},"end":{"line":99,"column":40}},{"start":{"line":100,"column":4},"end":{"line":101,"column":50}},{"start":{"line":102,"column":4},"end":{"line":103,"column":44}},{"start":{"line":104,"column":4},"end":{"line":105,"column":19}}],"line":89}},"s":{"0":1,"1":1,"2":0,"3":1,"4":0,"5":1,"6":0,"7":0,"8":1,"9":0,"10":0,"11":0,"12":0,"13":1,"14":0,"15":0,"16":0,"17":1,"18":0,"19":0,"20":0,"21":0,"22":0,"23":1,"24":0,"25":0,"26":1,"27":0,"28":1,"29":0,"30":0,"31":0,"32":0,"33":0,"34":0,"35":0,"36":0,"37":0},"f":{"0":0,"1":0,"2":0,"3":0,"4":0,"5":0,"6":0,"7":0,"8":0,"9":0},"b":{"0":[0,0],"1":[0,0],"2":[0,0],"3":[0],"4":[0,0,0,0,0,0,0,0]},"_coverageSchema":"43e27e138ebf9cfc5966b082cf9a028302ed4184","hash":"91a1c3b169c04e8359f0513f3e51f632f2dd392d"}
,"/Users/matthewahern/Desktop/ship-demo/src/ducks/sagas/index.js": {"path":"/Users/matthewahern/Desktop/ship-demo/src/ducks/sagas/index.js","statementMap":{"0":{"start":{"line":6,"column":18},"end":{"line":13,"column":1}},"1":{"start":{"line":7,"column":2},"end":{"line":12,"column":3}},"2":{"start":{"line":8,"column":21},"end":{"line":8,"column":31}},"3":{"start":{"line":9,"column":4},"end":{"line":9,"column":28}},"4":{"start":{"line":11,"column":4},"end":{"line":11,"column":25}},"5":{"start":{"line":16,"column":13},"end":{"line":22,"column":3}},"6":{"start":{"line":23,"column":18},"end":{"line":23,"column":22}},"7":{"start":{"line":24,"column":18},"end":{"line":24,"column":22}},"8":{"start":{"line":25,"column":2},"end":{"line":55,"column":3}},"9":{"start":{"line":26,"column":4},"end":{"line":26,"column":42}},"10":{"start":{"line":27,"column":30},"end":{"line":29,"column":5}},"11":{"start":{"line":28,"column":6},"end":{"line":28,"column":28}},"12":{"start":{"line":31,"column":4},"end":{"line":42,"column":5}},"13":{"start":{"line":32,"column":6},"end":{"line":32,"column":24}},"14":{"start":{"line":35,"column":6},"end":{"line":41,"column":7}},"15":{"start":{"line":36,"column":38},"end":{"line":36,"column":63}},"16":{"start":{"line":37,"column":8},"end":{"line":37,"column":25}},"17":{"start":{"line":38,"column":8},"end":{"line":38,"column":52}},"18":{"start":{"line":40,"column":8},"end":{"line":40,"column":29}},"19":{"start":{"line":44,"column":4},"end":{"line":50,"column":6}},"20":{"start":{"line":52,"column":4},"end":{"line":52,"column":23}},"21":{"start":{"line":54,"column":4},"end":{"line":54,"column":43}},"22":{"start":{"line":59,"column":18},"end":{"line":59,"column":22}},"23":{"start":{"line":60,"column":18},"end":{"line":60,"column":22}},"24":{"start":{"line":62,"column":2},"end":{"line":92,"column":3}},"25":{"start":{"line":63,"column":30},"end":{"line":65,"column":5}},"26":{"start":{"line":64,"column":6},"end":{"line":64,"column":33}},"27":{"start":{"line":67,"column":4},"end":{"line":67,"column":47}},"28":{"start":{"line":69,"column":4},"end":{"line":82,"column":5}},"29":{"start":{"line":70,"column":6},"end":{"line":70,"column":24}},"30":{"start":{"line":71,"column":6},"end":{"line":71,"column":28}},"31":{"start":{"line":72,"column":6},"end":{"line":72,"column":35}},"32":{"start":{"line":75,"column":6},"end":{"line":81,"column":7}},"33":{"start":{"line":76,"column":8},"end":{"line":76,"column":25}},"34":{"start":{"line":77,"column":8},"end":{"line":77,"column":78}},"35":{"start":{"line":78,"column":8},"end":{"line":78,"column":30}},"36":{"start":{"line":80,"column":8},"end":{"line":80,"column":29}},"37":{"start":{"line":83,"column":4},"end":{"line":89,"column":6}},"38":{"start":{"line":91,"column":4},"end":{"line":91,"column":23}},"39":{"start":{"line":96,"column":2},"end":{"line":99,"column":5}}},"fnMap":{"0":{"name":"(anonymous_0)","decl":{"start":{"line":6,"column":18},"end":{"line":6,"column":19}},"loc":{"start":{"line":6,"column":30},"end":{"line":13,"column":1}},"line":6},"1":{"name":"initCreateStop","decl":{"start":{"line":15,"column":10},"end":{"line":15,"column":24}},"loc":{"start":{"line":15,"column":44},"end":{"line":56,"column":1}},"line":15},"2":{"name":"(anonymous_2)","decl":{"start":{"line":27,"column":52},"end":{"line":27,"column":53}},"loc":{"start":{"line":28,"column":6},"end":{"line":28,"column":28}},"line":28},"3":{"name":"initUpdateStop","decl":{"start":{"line":58,"column":10},"end":{"line":58,"column":24}},"loc":{"start":{"line":58,"column":35},"end":{"line":93,"column":1}},"line":58},"4":{"name":"(anonymous_4)","decl":{"start":{"line":63,"column":52},"end":{"line":63,"column":53}},"loc":{"start":{"line":64,"column":6},"end":{"line":64,"column":33}},"line":64},"5":{"name":"rootSaga","decl":{"start":{"line":95,"column":25},"end":{"line":95,"column":33}},"loc":{"start":{"line":95,"column":36},"end":{"line":100,"column":1}},"line":95}},"branchMap":{"0":{"loc":{"start":{"line":31,"column":4},"end":{"line":42,"column":5}},"type":"if","locations":[{"start":{"line":31,"column":4},"end":{"line":42,"column":5}},{"start":{"line":31,"column":4},"end":{"line":42,"column":5}}],"line":31},"1":{"loc":{"start":{"line":35,"column":6},"end":{"line":41,"column":7}},"type":"if","locations":[{"start":{"line":35,"column":6},"end":{"line":41,"column":7}},{"start":{"line":35,"column":6},"end":{"line":41,"column":7}}],"line":35},"2":{"loc":{"start":{"line":35,"column":10},"end":{"line":35,"column":55}},"type":"binary-expr","locations":[{"start":{"line":35,"column":10},"end":{"line":35,"column":27}},{"start":{"line":35,"column":31},"end":{"line":35,"column":55}}],"line":35},"3":{"loc":{"start":{"line":69,"column":4},"end":{"line":82,"column":5}},"type":"if","locations":[{"start":{"line":69,"column":4},"end":{"line":82,"column":5}},{"start":{"line":69,"column":4},"end":{"line":82,"column":5}}],"line":69},"4":{"loc":{"start":{"line":75,"column":6},"end":{"line":81,"column":7}},"type":"if","locations":[{"start":{"line":75,"column":6},"end":{"line":81,"column":7}},{"start":{"line":75,"column":6},"end":{"line":81,"column":7}}],"line":75},"5":{"loc":{"start":{"line":75,"column":10},"end":{"line":75,"column":55}},"type":"binary-expr","locations":[{"start":{"line":75,"column":10},"end":{"line":75,"column":27}},{"start":{"line":75,"column":31},"end":{"line":75,"column":55}}],"line":75}},"s":{"0":0,"1":0,"2":0,"3":0,"4":0,"5":0,"6":0,"7":0,"8":0,"9":0,"10":0,"11":0,"12":0,"13":0,"14":0,"15":0,"16":0,"17":0,"18":0,"19":0,"20":0,"21":0,"22":0,"23":0,"24":0,"25":0,"26":0,"27":0,"28":0,"29":0,"30":0,"31":0,"32":0,"33":0,"34":0,"35":0,"36":0,"37":0,"38":0,"39":0},"f":{"0":0,"1":0,"2":0,"3":0,"4":0,"5":0},"b":{"0":[0,0],"1":[0,0],"2":[0,0],"3":[0,0],"4":[0,0],"5":[0,0]},"hash":"d140bda20e064accc0e1b361b997c87cb33c873e"}
,"/Users/matthewahern/Desktop/ship-demo/src/ducks/types/index.js": {"path":"/Users/matthewahern/Desktop/ship-demo/src/ducks/types/index.js","statementMap":{"0":{"start":{"line":1,"column":26},"end":{"line":1,"column":39}},"1":{"start":{"line":2,"column":27},"end":{"line":2,"column":41}},"2":{"start":{"line":3,"column":30},"end":{"line":3,"column":48}},"3":{"start":{"line":4,"column":26},"end":{"line":4,"column":39}},"4":{"start":{"line":5,"column":30},"end":{"line":5,"column":48}},"5":{"start":{"line":6,"column":26},"end":{"line":6,"column":39}},"6":{"start":{"line":7,"column":32},"end":{"line":7,"column":52}},"7":{"start":{"line":8,"column":33},"end":{"line":8,"column":54}},"8":{"start":{"line":9,"column":30},"end":{"line":9,"column":49}}},"fnMap":{},"branchMap":{},"s":{"0":2,"1":2,"2":2,"3":2,"4":2,"5":2,"6":2,"7":2,"8":2},"f":{},"b":{},"_coverageSchema":"43e27e138ebf9cfc5966b082cf9a028302ed4184","hash":"17b3618485d19adaf1a215e75def6d9975ef2076"}
,"/Users/matthewahern/Desktop/ship-demo/src/hooks/usePrevious.js": {"path":"/Users/matthewahern/Desktop/ship-demo/src/hooks/usePrevious.js","statementMap":{"0":{"start":{"line":3,"column":20},"end":{"line":10,"column":1}},"1":{"start":{"line":4,"column":14},"end":{"line":4,"column":22}},"2":{"start":{"line":5,"column":2},"end":{"line":7,"column":14}},"3":{"start":{"line":6,"column":4},"end":{"line":6,"column":24}},"4":{"start":{"line":9,"column":2},"end":{"line":9,"column":21}}},"fnMap":{"0":{"name":"(anonymous_0)","decl":{"start":{"line":3,"column":20},"end":{"line":3,"column":21}},"loc":{"start":{"line":3,"column":29},"end":{"line":10,"column":1}},"line":3},"1":{"name":"(anonymous_1)","decl":{"start":{"line":5,"column":12},"end":{"line":5,"column":13}},"loc":{"start":{"line":5,"column":18},"end":{"line":7,"column":3}},"line":5}},"branchMap":{},"s":{"0":0,"1":0,"2":0,"3":0,"4":0},"f":{"0":0,"1":0},"b":{},"hash":"2b5e42ba211e039f0a9c97cd3110a709d86d225d"}
}
