TN:
SF:/Users/matthewahern/Desktop/ship-demo/src/index.js
FNF:0
FNH:0
DA:7,0
LF:1
LH:0
BRF:0
BRH:0
end_of_record
TN:
SF:/Users/matthewahern/Desktop/ship-demo/src/store.js
FN:6,(anonymous_0)
FNF:1
FNH:1
FNDA:10,(anonymous_0)
DA:7,10
DA:9,10
DA:13,10
DA:14,10
LF:4
LH:4
BRF:0
BRH:0
end_of_record
TN:
SF:/Users/matthewahern/Desktop/ship-demo/src/api/stop-api.js
FN:3,verifyAddress
FN:17,(anonymous_1)
FN:20,(anonymous_2)
FNF:3
FNH:3
FNDA:6,verifyAddress
FNDA:4,(anonymous_1)
FNDA:2,(anonymous_2)
DA:4,6
DA:6,6
DA:18,4
DA:21,2
DA:24,2
DA:27,2
LF:6
LH:6
BRDA:21,0,0,2
BRDA:21,0,1,0
BRDA:24,1,0,2
BRDA:24,1,1,0
BRF:4
BRH:2
end_of_record
TN:
SF:/Users/matthewahern/Desktop/ship-demo/src/assets/logo.js
FN:3,(anonymous_0)
FNF:1
FNH:1
FNDA:10,(anonymous_0)
DA:3,2
DA:4,10
LF:2
LH:2
BRF:0
BRH:0
end_of_record
TN:
SF:/Users/matthewahern/Desktop/ship-demo/src/components/App/App.js
FN:5,App
FNF:1
FNH:1
FNDA:1,App
DA:6,1
LF:1
LH:1
BRF:0
BRH:0
end_of_record
TN:
SF:/Users/matthewahern/Desktop/ship-demo/src/components/App/index.js
FNF:0
FNH:0
LF:0
LH:0
BRF:0
BRH:0
end_of_record
TN:
SF:/Users/matthewahern/Desktop/ship-demo/src/components/accordian/index.js
FN:5,(anonymous_0)
FN:9,(anonymous_1)
FN:14,(anonymous_2)
FN:33,(anonymous_3)
FNF:4
FNH:4
FNDA:35,(anonymous_0)
FNDA:35,(anonymous_1)
FNDA:26,(anonymous_2)
FNDA:26,(anonymous_3)
DA:5,2
DA:6,35
DA:7,35
DA:9,35
DA:10,35
DA:11,0
DA:14,35
DA:15,26
DA:18,26
DA:20,26
DA:22,26
DA:27,26
DA:29,26
DA:33,35
DA:34,26
DA:35,26
DA:36,9
DA:40,35
DA:50,2
LF:19
LH:18
BRDA:10,0,0,0
BRDA:10,0,1,35
BRDA:15,1,0,26
BRDA:15,1,1,0
BRDA:20,2,0,26
BRDA:20,2,1,26
BRDA:35,3,0,9
BRDA:35,3,1,17
BRF:8
BRH:6
end_of_record
TN:
SF:/Users/matthewahern/Desktop/ship-demo/src/components/accordian/utils.js
FN:1,(anonymous_0)
FN:3,(anonymous_1)
FN:7,(anonymous_2)
FN:8,(anonymous_3)
FN:17,(anonymous_4)
FN:19,(anonymous_5)
FNF:6
FNH:6
FNDA:96,(anonymous_0)
FNDA:61,(anonymous_1)
FNDA:45,(anonymous_2)
FNDA:45,(anonymous_3)
FNDA:26,(anonymous_4)
FNDA:6,(anonymous_5)
DA:1,96
DA:3,2
DA:4,61
DA:6,61
DA:7,45
DA:9,45
DA:10,27
DA:14,61
DA:17,2
DA:18,26
DA:19,6
LF:11
LH:11
BRDA:9,0,0,27
BRDA:9,0,1,18
BRDA:9,1,0,45
BRDA:9,1,1,45
BRDA:18,2,0,26
BRDA:18,2,1,17
BRF:6
BRH:6
end_of_record
TN:
SF:/Users/matthewahern/Desktop/ship-demo/src/components/accordian/accordian-item/index.js
FN:8,(anonymous_0)
FN:24,(anonymous_1)
FN:33,(anonymous_2)
FN:38,(anonymous_3)
FN:44,(anonymous_4)
FN:48,(anonymous_5)
FN:53,(anonymous_6)
FNF:7
FNH:6
FNDA:42,(anonymous_0)
FNDA:35,(anonymous_1)
FNDA:0,(anonymous_2)
FNDA:3,(anonymous_3)
FNDA:9,(anonymous_4)
FNDA:9,(anonymous_5)
FNDA:26,(anonymous_6)
DA:8,2
DA:9,42
DA:10,42
DA:13,42
DA:14,42
DA:15,42
DA:16,42
DA:17,42
DA:19,42
DA:24,42
DA:25,35
DA:27,35
DA:29,35
DA:30,35
DA:32,35
DA:33,15
DA:34,0
DA:35,0
DA:38,20
DA:39,3
DA:44,42
DA:46,9
DA:48,9
DA:49,9
DA:53,42
DA:54,26
DA:55,16
DA:57,16
DA:58,7
DA:60,9
DA:62,10
DA:63,10
DA:67,42
LF:33
LH:31
BRDA:9,0,0,20
BRDA:9,0,1,22
BRDA:11,1,0,20
BRDA:11,1,1,22
BRDA:20,2,0,0
BRDA:20,2,1,42
BRDA:21,3,0,20
BRDA:21,3,1,22
BRDA:29,4,0,24
BRDA:29,4,1,11
BRDA:29,5,0,35
BRDA:29,5,1,20
BRDA:32,6,0,15
BRDA:32,6,1,20
BRDA:54,7,0,16
BRDA:54,7,1,10
BRDA:55,8,0,0
BRDA:55,8,1,16
BRDA:57,9,0,7
BRDA:57,9,1,9
BRDA:62,10,0,10
BRDA:62,10,1,0
BRF:22
BRH:19
end_of_record
TN:
SF:/Users/matthewahern/Desktop/ship-demo/src/components/accordian/accordian-item/acccordion-item-title/index.js
FN:4,(anonymous_0)
FNF:1
FNH:1
FNDA:26,(anonymous_0)
DA:4,2
DA:5,26
DA:10,26
DA:11,26
DA:17,0
LF:5
LH:4
BRDA:10,0,0,26
BRDA:10,0,1,0
BRF:2
BRH:1
end_of_record
TN:
SF:/Users/matthewahern/Desktop/ship-demo/src/components/accordian/accordian-item/accordion-item-body/index.js
FN:5,(anonymous_0)
FNF:1
FNH:1
FNDA:39,(anonymous_0)
DA:4,2
DA:6,39
DA:13,39
LF:3
LH:3
BRF:0
BRH:0
end_of_record
TN:
SF:/Users/matthewahern/Desktop/ship-demo/src/components/alert-handler/index.js
FN:11,(anonymous_0)
FN:17,(anonymous_1)
FN:21,(anonymous_2)
FN:32,(anonymous_3)
FN:55,(anonymous_4)
FN:62,(anonymous_5)
FN:71,(anonymous_6)
FN:74,(anonymous_7)
FNF:8
FNH:8
FNDA:8,(anonymous_0)
FNDA:5,(anonymous_1)
FNDA:13,(anonymous_2)
FNDA:13,(anonymous_3)
FNDA:4,(anonymous_4)
FNDA:3,(anonymous_5)
FNDA:8,(anonymous_6)
FNDA:5,(anonymous_7)
DA:7,3
DA:12,8
DA:17,5
DA:21,3
DA:22,13
DA:24,8
DA:26,5
DA:28,0
DA:32,3
DA:38,13
DA:55,4
DA:62,3
DA:71,3
DA:72,8
DA:74,5
LF:15
LH:14
BRDA:22,0,0,8
BRDA:22,0,1,5
BRDA:22,0,2,0
BRDA:58,1,0,13
BRDA:58,1,1,10
BRF:5
BRH:4
end_of_record
TN:
SF:/Users/matthewahern/Desktop/ship-demo/src/components/button/index.js
FN:5,(anonymous_0)
FN:17,(anonymous_1)
FN:21,(anonymous_2)
FN:24,(anonymous_3)
FN:27,(anonymous_4)
FNF:5
FNH:5
FNDA:119,(anonymous_0)
FNDA:52,(anonymous_1)
FNDA:56,(anonymous_2)
FNDA:1,(anonymous_3)
FNDA:10,(anonymous_4)
DA:5,4
DA:6,119
DA:17,4
DA:18,52
DA:21,4
DA:22,56
DA:24,4
DA:25,1
DA:27,4
DA:28,10
LF:10
LH:10
BRDA:10,0,0,119
BRDA:10,0,1,47
BRF:2
BRH:2
end_of_record
TN:
SF:/Users/matthewahern/Desktop/ship-demo/src/components/card/index.js
FN:7,(anonymous_0)
FN:15,(anonymous_1)
FN:19,(anonymous_2)
FN:22,(anonymous_3)
FN:25,(anonymous_4)
FNF:5
FNH:5
FNDA:76,(anonymous_0)
FNDA:26,(anonymous_1)
FNDA:37,(anonymous_2)
FNDA:8,(anonymous_3)
FNDA:5,(anonymous_4)
DA:7,4
DA:8,76
DA:15,4
DA:16,26
DA:19,4
DA:20,37
DA:22,4
DA:23,8
DA:25,5
LF:9
LH:9
BRDA:8,0,0,76
BRDA:8,0,1,0
BRF:2
BRH:1
end_of_record
TN:
SF:/Users/matthewahern/Desktop/ship-demo/src/components/checkbox/index.js
FN:6,(anonymous_0)
FN:9,(anonymous_1)
FNF:2
FNH:2
FNDA:14,(anonymous_0)
FNDA:2,(anonymous_1)
DA:6,2
DA:7,14
DA:9,14
DA:10,2
DA:13,14
LF:5
LH:5
BRF:0
BRH:0
end_of_record
TN:
SF:/Users/matthewahern/Desktop/ship-demo/src/components/icons/index.js
FNF:0
FNH:0
LF:0
LH:0
BRF:0
BRH:0
end_of_record
TN:
SF:/Users/matthewahern/Desktop/ship-demo/src/components/icons/pencil.js
FN:7,PencilIcon
FNF:1
FNH:1
FNDA:19,PencilIcon
DA:5,3
DA:8,19
LF:2
LH:2
BRDA:35,0,0,19
BRDA:35,0,1,11
BRDA:35,0,2,8
BRF:3
BRH:3
end_of_record
TN:
SF:/Users/matthewahern/Desktop/ship-demo/src/components/icons/trash.js
FN:7,TrashIcon
FNF:1
FNH:1
FNDA:20,TrashIcon
DA:5,3
DA:8,20
LF:2
LH:2
BRDA:82,0,0,20
BRDA:82,0,1,11
BRDA:82,0,2,9
BRDA:86,1,0,20
BRDA:86,1,1,11
BRDA:86,1,2,9
BRDA:90,2,0,20
BRDA:90,2,1,11
BRDA:90,2,2,9
BRDA:94,3,0,20
BRDA:94,3,1,11
BRDA:94,3,2,9
BRDA:98,4,0,20
BRDA:98,4,1,11
BRDA:98,4,2,9
BRDA:102,5,0,20
BRDA:102,5,1,11
BRDA:102,5,2,9
BRF:18
BRH:18
end_of_record
TN:
SF:/Users/matthewahern/Desktop/ship-demo/src/components/route-planner/index.js
FN:12,(anonymous_0)
FNF:1
FNH:1
FNDA:10,(anonymous_0)
DA:7,2
DA:12,2
DA:13,10
LF:3
LH:3
BRF:0
BRH:0
end_of_record
TN:
SF:/Users/matthewahern/Desktop/ship-demo/src/components/route-planner/create-stop/index.js
FN:9,(anonymous_0)
FN:11,(anonymous_1)
FN:20,(anonymous_2)
FN:30,(anonymous_3)
FN:37,(anonymous_4)
FN:48,(anonymous_5)
FN:67,(anonymous_6)
FN:74,(anonymous_7)
FNF:8
FNH:8
FNDA:36,(anonymous_0)
FNDA:8,(anonymous_1)
FNDA:4,(anonymous_2)
FNDA:36,(anonymous_3)
FNDA:80,(anonymous_4)
FNDA:4,(anonymous_5)
FNDA:4,(anonymous_6)
FNDA:18,(anonymous_7)
DA:9,2
DA:10,36
DA:11,36
DA:12,8
DA:17,8
DA:20,36
DA:21,4
DA:23,36
DA:30,2
DA:31,36
DA:32,36
DA:33,36
DA:37,36
DA:38,80
DA:44,36
DA:46,36
DA:48,36
DA:49,4
DA:50,4
DA:51,0
DA:52,0
DA:54,4
DA:57,4
DA:58,0
DA:59,0
DA:61,4
DA:64,4
DA:67,36
DA:68,4
DA:69,4
DA:70,4
DA:71,4
DA:74,36
DA:75,18
DA:76,4
DA:77,4
DA:81,36
DA:83,36
LF:38
LH:34
BRDA:9,0,0,0
BRDA:39,1,0,80
BRDA:39,1,1,73
BRDA:50,2,0,0
BRDA:50,2,1,4
BRDA:57,3,0,0
BRDA:57,3,1,4
BRDA:68,4,0,0
BRDA:68,4,1,4
BRDA:70,5,0,0
BRDA:70,5,1,4
BRDA:75,6,0,4
BRDA:75,6,1,14
BRDA:81,7,0,36
BRDA:81,7,1,26
BRDA:103,8,0,36
BRDA:103,8,1,0
BRDA:115,9,0,36
BRDA:115,9,1,0
BRDA:129,10,0,8
BRDA:129,10,1,28
BRF:21
BRH:14
end_of_record
TN:
SF:/Users/matthewahern/Desktop/ship-demo/src/components/route-planner/stops-editor/index.js
FN:12,(anonymous_0)
FN:13,(anonymous_1)
FN:26,(anonymous_2)
FN:28,(anonymous_3)
FN:37,(anonymous_4)
FN:41,(anonymous_5)
FN:45,(anonymous_6)
FN:49,(anonymous_7)
FN:66,(anonymous_8)
FNF:9
FNH:9
FNDA:26,(anonymous_0)
FNDA:70,(anonymous_1)
FNDA:16,(anonymous_2)
FNDA:1,(anonymous_3)
FNDA:3,(anonymous_4)
FNDA:1,(anonymous_5)
FNDA:2,(anonymous_6)
FNDA:1,(anonymous_7)
FNDA:19,(anonymous_8)
DA:12,2
DA:13,26
DA:14,70
DA:15,70
DA:23,26
DA:24,26
DA:26,26
DA:27,16
DA:28,4
DA:29,1
DA:37,26
DA:38,3
DA:41,26
DA:42,1
DA:45,26
DA:46,2
DA:49,26
DA:50,1
DA:52,26
DA:67,19
LF:20
LH:20
BRDA:27,0,0,4
BRDA:27,0,1,12
BRDA:60,1,0,26
BRDA:60,1,1,7
BRF:4
BRH:4
end_of_record
TN:
SF:/Users/matthewahern/Desktop/ship-demo/src/components/route-planner/stops-editor/edit-item/index.js
FN:11,(anonymous_0)
FN:12,(anonymous_1)
FN:19,(anonymous_2)
FN:24,(anonymous_3)
FN:38,(anonymous_4)
FN:56,(anonymous_5)
FN:61,(anonymous_6)
FN:69,(anonymous_7)
FN:128,(anonymous_8)
FN:165,(anonymous_9)
FNF:10
FNH:10
FNDA:27,(anonymous_0)
FNDA:27,(anonymous_1)
FNDA:27,(anonymous_2)
FNDA:5,(anonymous_3)
FNDA:27,(anonymous_4)
FNDA:2,(anonymous_5)
FNDA:2,(anonymous_6)
FNDA:1,(anonymous_7)
FNDA:2,(anonymous_8)
FNDA:10,(anonymous_9)
DA:11,2
DA:12,27
DA:13,27
DA:14,15
DA:16,12
DA:18,27
DA:19,27
DA:20,27
DA:23,27
DA:24,27
DA:25,5
DA:30,5
DA:32,27
DA:38,2
DA:47,27
DA:52,27
DA:54,27
DA:56,27
DA:57,2
DA:58,2
DA:61,27
DA:62,2
DA:63,1
DA:66,1
DA:69,27
DA:70,1
DA:71,1
DA:76,1
DA:83,0
DA:84,0
DA:88,27
DA:128,2
DA:166,10
LF:33
LH:31
BRDA:11,0,0,0
BRDA:13,1,0,15
BRDA:13,1,1,12
BRDA:62,2,0,1
BRDA:62,2,1,1
BRDA:70,3,0,1
BRDA:70,3,1,0
BRDA:83,4,0,0
BRDA:83,4,1,0
BRDA:90,5,0,27
BRDA:90,5,1,18
BRDA:90,5,2,9
BRDA:90,6,0,27
BRDA:90,6,1,24
BRDA:127,7,0,4
BRDA:127,7,1,5
BRDA:128,8,0,1
BRDA:128,8,1,1
BRDA:144,9,0,27
BRDA:144,9,1,3
BRDA:152,10,0,27
BRDA:152,10,1,6
BRF:22
BRH:18
end_of_record
TN:
SF:/Users/matthewahern/Desktop/ship-demo/src/components/route-planner/stops-editor/stops-item/index.js
FN:8,(anonymous_0)
FN:27,(anonymous_1)
FN:34,(anonymous_2)
FNF:3
FNH:2
FNDA:19,(anonymous_0)
FNDA:3,(anonymous_1)
FNDA:0,(anonymous_2)
DA:6,2
DA:8,2
DA:9,19
DA:11,19
DA:18,19
DA:27,3
DA:34,0
LF:7
LH:6
BRDA:15,0,0,2
BRDA:15,0,1,17
BRF:2
BRH:2
end_of_record
TN:
SF:/Users/matthewahern/Desktop/ship-demo/src/components/text-input/index.js
FN:4,(anonymous_0)
FN:18,(anonymous_1)
FN:19,(anonymous_2)
FNF:3
FNH:2
FNDA:91,(anonymous_0)
FNDA:1,(anonymous_1)
FNDA:0,(anonymous_2)
DA:4,2
DA:5,91
DA:6,91
DA:7,91
DA:8,91
DA:18,1
DA:19,0
LF:7
LH:6
BRDA:7,0,0,91
BRDA:7,0,1,86
BRDA:7,0,2,48
BRF:3
BRH:3
end_of_record
TN:
SF:/Users/matthewahern/Desktop/ship-demo/src/components/wrapper/index.js
FN:12,(anonymous_0)
FN:15,(anonymous_1)
FNF:2
FNH:2
FNDA:848,(anonymous_0)
FNDA:156,(anonymous_1)
DA:5,5
DA:12,5
DA:13,848
LF:3
LH:3
BRDA:14,0,0,19
BRDA:14,0,1,829
BRDA:15,1,0,0
BRDA:15,1,1,848
BRDA:15,2,0,848
BRDA:15,2,1,826
BRF:6
BRH:5
end_of_record
TN:
SF:/Users/matthewahern/Desktop/ship-demo/src/consts/index.js
FNF:0
FNH:0
DA:1,6
DA:7,6
DA:14,6
LF:3
LH:3
BRF:0
BRH:0
end_of_record
TN:
SF:/Users/matthewahern/Desktop/ship-demo/src/ducks/actions/index.js
FN:3,(anonymous_0)
FN:8,(anonymous_1)
FN:15,(anonymous_2)
FN:21,(anonymous_3)
FN:28,(anonymous_4)
FN:33,(anonymous_5)
FN:38,(anonymous_6)
FN:43,(anonymous_7)
FN:48,(anonymous_8)
FNF:9
FNH:9
FNDA:2,(anonymous_0)
FNDA:4,(anonymous_1)
FNDA:4,(anonymous_2)
FNDA:3,(anonymous_3)
FNDA:2,(anonymous_4)
FNDA:5,(anonymous_5)
FNDA:2,(anonymous_6)
FNDA:8,(anonymous_7)
FNDA:4,(anonymous_8)
DA:3,2
DA:8,4
DA:15,4
DA:21,3
DA:28,2
DA:33,5
DA:38,2
DA:43,8
DA:48,4
LF:9
LH:9
BRF:0
BRH:0
end_of_record
TN:
SF:/Users/matthewahern/Desktop/ship-demo/src/ducks/reducers/index.js
FN:14,(anonymous_0)
FN:19,(anonymous_1)
FN:24,(anonymous_2)
FN:32,(anonymous_3)
FN:48,(anonymous_4)
FN:62,(anonymous_5)
FN:68,(anonymous_6)
FN:76,(anonymous_7)
FN:85,(anonymous_8)
FN:88,(anonymous_9)
FN:89,(anonymous_10)
FNF:11
FNH:11
FNDA:43,(anonymous_0)
FNDA:8,(anonymous_1)
FNDA:5,(anonymous_2)
FNDA:4,(anonymous_3)
FNDA:3,(anonymous_4)
FNDA:2,(anonymous_5)
FNDA:2,(anonymous_6)
FNDA:2,(anonymous_7)
FNDA:4,(anonymous_8)
FNDA:10,(anonymous_9)
FNDA:44,(anonymous_10)
DA:4,2
DA:14,43
DA:19,2
DA:20,8
DA:24,2
DA:25,5
DA:29,5
DA:32,2
DA:33,4
DA:34,4
DA:35,4
DA:45,4
DA:48,2
DA:49,3
DA:51,3
DA:59,3
DA:62,2
DA:63,2
DA:64,2
DA:66,2
DA:68,2
DA:73,2
DA:76,2
DA:77,2
DA:82,2
DA:85,2
DA:86,4
DA:89,10
DA:96,44
DA:98,5
DA:100,2
DA:102,4
DA:104,3
DA:106,2
DA:108,8
DA:110,4
DA:112,16
LF:37
LH:37
BRDA:34,0,0,1
BRDA:34,0,1,3
BRDA:49,1,0,1
BRDA:49,1,1,2
BRDA:64,2,0,2
BRDA:64,2,1,0
BRDA:90,3,0,10
BRDA:96,4,0,5
BRDA:96,4,1,2
BRDA:96,4,2,4
BRDA:96,4,3,3
BRDA:96,4,4,2
BRDA:96,4,5,8
BRDA:96,4,6,4
BRDA:96,4,7,16
BRF:15
BRH:14
end_of_record
TN:
SF:/Users/matthewahern/Desktop/ship-demo/src/ducks/sagas/index.js
FN:6,(anonymous_0)
FN:15,initCreateStop
FN:27,(anonymous_2)
FN:58,initUpdateStop
FN:63,(anonymous_4)
FN:94,rootSaga
FNF:6
FNH:6
FNDA:6,(anonymous_0)
FNDA:4,initCreateStop
FNDA:4,(anonymous_2)
FNDA:2,initUpdateStop
FNDA:2,(anonymous_4)
FNDA:10,rootSaga
DA:6,2
DA:7,6
DA:8,6
DA:9,4
DA:11,2
DA:16,4
DA:23,4
DA:24,4
DA:25,4
DA:26,4
DA:27,4
DA:28,4
DA:31,4
DA:32,1
DA:35,3
DA:36,2
DA:37,2
DA:38,2
DA:40,1
DA:44,4
DA:52,0
DA:54,4
DA:59,2
DA:60,2
DA:62,2
DA:63,2
DA:64,2
DA:68,2
DA:69,1
DA:70,1
DA:71,1
DA:74,1
DA:75,1
DA:76,1
DA:77,1
DA:79,0
DA:82,2
DA:90,0
DA:95,10
LF:39
LH:36
BRDA:31,0,0,1
BRDA:31,0,1,3
BRDA:35,1,0,2
BRDA:35,1,1,1
BRDA:35,2,0,3
BRDA:35,2,1,3
BRDA:68,3,0,1
BRDA:68,3,1,1
BRDA:74,4,0,1
BRDA:74,4,1,0
BRDA:74,5,0,1
BRDA:74,5,1,1
BRF:12
BRH:11
end_of_record
TN:
SF:/Users/matthewahern/Desktop/ship-demo/src/ducks/types/index.js
FNF:0
FNH:0
DA:1,2
DA:2,2
DA:3,2
DA:4,2
DA:5,2
DA:6,2
DA:7,2
DA:8,2
DA:9,2
LF:9
LH:9
BRF:0
BRH:0
end_of_record
TN:
SF:/Users/matthewahern/Desktop/ship-demo/src/hooks/usePrevious.js
FN:3,(anonymous_0)
FN:5,(anonymous_1)
FNF:2
FNH:2
FNDA:110,(anonymous_0)
FNDA:51,(anonymous_1)
DA:3,2
DA:4,110
DA:5,110
DA:6,51
DA:9,110
LF:5
LH:5
BRF:0
BRH:0
end_of_record
